Script started on 2022-02-11 18:25:53-03:00 [TERM="screen-256color" TTY="/dev/pts/7" COLUMNS="118" LINES="27"]
[H[J
  glslc -O ./res/vert/vert_TriQuad.vert -o ./app/vert_TriQuad.spv

  glslc -O ./res/frag/frag_automata0000.frag -o ./app/frag_automata0000.spv

  g++ -g -std=c++17 lib/*.cpp VulkanAutomataGLFW.cpp -fconcepts -lglfw -lvulkan -o ./app/RunVulkanAutomataGLFW

  BEGIN ./app/RunVulkanAutomataGLFW

________________________________________________________________________________
 STAGE:	USER CONFIG
________________________________________________________________________________
 STAGE:	APPLICATION INIT
	info:	    Application Width ........................ [1024]
	info:	    Application Height ....................... [512]
	info:	    ei.load_pattern .......................... [18372]
	info:	0	Vertex Shaders ....................... [./app/vert_TriQuad.spv]
	info:	0	Fragment Shaders ..................... [./app/frag_automata0000.spv]
________________________________________________________________________________
 STAGE:	GLFW EXTENSIONS
     0:	1 	glfwInit                                       [GLFW]
     1:	1 	glfwVulkanSupported                            [GLFW]
  void: 	glfwGetRequiredInstanceExtensions
	info:	0	GLFW Extensions ...................... [VK_KHR_surface]
	info:	1	GLFW Extensions ...................... [VK_KHR_xcb_surface]
________________________________________________________________________________
 STAGE:	VULKAN EXTENSIONS
	info:	0	Instance Extensions .................. [VK_EXT_debug_utils]
	info:	1	Instance Extensions .................. [VK_KHR_surface]
	info:	2	Instance Extensions .................. [VK_KHR_xcb_surface]
	info:	0	Layer Extensions ..................... [VK_LAYER_KHRONOS_validation]
	info:	0	Logical Device Extensions ............ [VK_KHR_swapchain]
________________________________________________________________________________
 STAGE:	VULKAN INIT
     2:	-13 	init                                           [INIT]
     3:	  	vkCreateInstance                               [0x5613526ba0d0]
________________________________________________________________________________
 STAGE:	DEBUG UTILS
  void: 	vkGetInstanceProcAddr
     4:	  	vkCreateDebugUtilsMessengerEXT                 [0xfd5b260000000001]
________________________________________________________________________________
 STAGE:	PHYSICAL DEVICE
     5:	  	vkEnumeratePhysicalDevices                     [1]
     6:	  	vkEnumeratePhysicalDevices                     [0x7ffe0f6b3040]
  void: 	vkGetPhysicalDeviceProperties
	info:	0	Physical Devices ..................... [0x561352d4edd0]
	info:	0	apiVersion ........................... [4202682]
	info:	0	driverVersion ........................ [2076901376]
	info:	0	deviceType ........................... [2]
	info:	0	deviceName ........................... [NVIDIA GeForce RTX 3080 Ti]
	info:	0	maxImageDimension2D .................. [32768]
	info:	0	maxPushConstantsSize ................. [256]
	info:	0	maxBoundDescriptorSets ............... [32]
	info:	0	maxFragmentInputComponents ........... [128]
	info:	0	maxFragmentOutputAttachments ......... [8]
	info:	0	maxComputeSharedMemorySize ........... [49152]
	info:	0	maxComputeWorkGroupInvocations ....... [1024]
	info:	0	maxViewports ......................... [16]
	info:	0	minMemoryMapAlignment ................ [64]
	info:	0	minUniformBufferOffsetAlignment ...... [64]
	info:	0	minTexelOffset ....................... [-8]
	info:	0	maxTexelOffset ....................... [7]
	info:	0	minTexelGatherOffset ................. [-32]
	info:	0	maxTexelGatherOffset ................. [31]
	info:	0	maxFramebufferWidth .................. [32768]
	info:	0	maxFramebufferHeight ................. [32768]
	info:	0	maxFramebufferLayers ................. [2048]
	info:	0	maxColorAttachments .................. [8]
  void: 	vkGetPhysicalDeviceFeatures
	info:	    PDev_Index ............................... [0]
	info:	    PDev_Index deviceType .................... [2]
  void: 	vkGetPhysicalDeviceMemoryProperties
	info:	    memoryTypeCount .......................... [11]
	info:	0	propertyFlags ........................ [0]
	info:	0	heapIndex ............................ [1]
	info:	1	propertyFlags ........................ [0]
	info:	1	heapIndex ............................ [1]
	info:	2	propertyFlags ........................ [0]
	info:	2	heapIndex ............................ [1]
	info:	3	propertyFlags ........................ [0]
	info:	3	heapIndex ............................ [1]
	info:	4	propertyFlags ........................ [0]
	info:	4	heapIndex ............................ [1]
	info:	5	propertyFlags ........................ [0]
	info:	5	heapIndex ............................ [1]
	info:	6	propertyFlags ........................ [0]
	info:	6	heapIndex ............................ [1]
	info:	7	propertyFlags ........................ [1]
	info:	7	heapIndex ............................ [0]
	info:	8	propertyFlags ........................ [6]
	info:	8	heapIndex ............................ [1]
	info:	9	propertyFlags ........................ [14]
	info:	9	heapIndex ............................ [1]
	info:	10	propertyFlags ........................ [7]
	info:	10	heapIndex ............................ [0]
	info:	    memoryHeapCount .......................... [2]
	info:	0	size ................................. [12884901888]
	info:	0	flags ................................ [1]
	info:	1	size ................................. [12466172928]
	info:	1	flags ................................ [0]
________________________________________________________________________________
 STAGE:	QUEUES
  void: 	vkGetPhysicalDeviceQueueFamilyProperties
	info:	    PDev Queue Family Props .................. [3]
  void: 	vkGetPhysicalDeviceQueueFamilyProperties
	info:	0	queueFlags ........................... [15]
	info:	0	queueCount ........................... [16]
	info:	1	queueFlags ........................... [12]
	info:	1	queueCount ........................... [2]
	info:	2	queueFlags ........................... [14]
	info:	2	queueCount ........................... [8]
	info:	    PDev_QFP_Index ........................... [0]
	info:	    PDev_QFP_Index queueFlags ................ [15]
	info:	    PDev_QFP_Index queueCount ................ [16]
________________________________________________________________________________
 STAGE:	GLFW VULKAN SURFACE
	info:	    glfwCreateWindow ......................... [0]
     7:	1 	glfwGetPhysicalDevicePresentationSupport       [GLFW]
     8:	  	glfwCreateWindowSurface                        [GLFW]
     9:	  	vkGetPhysicalDeviceSurfaceCapabilitiesKHR      [ARRAY]
	info:	    minImageCount ............................ [2]
	info:	    maxImageCount ............................ [8]
	info:	    currentExtent.width ...................... [1024]
	info:	    currentExtent.height ..................... [512]
	info:	    maxImageArrayLayers ...................... [1]
	info:	    supportedCompositeAlpha .................. [1]
	info:	    supportedUsageFlags ...................... [159]
    10:	  	vkGetPhysicalDeviceSurfaceFormatsKHR           [2]
    11:	  	vkGetPhysicalDeviceSurfaceFormatsKHR           [ARRAY]
	info:	0	vk_surface_format.format ............. [44]
	info:	0	vk_surface_format.colorSpace ......... [0]
	info:	1	vk_surface_format.format ............. [50]
	info:	1	vk_surface_format.colorSpace ......... [0]
    12:	  	vkGetPhysicalDeviceSurfaceSupportKHR           [0]
	info:	    Surface Supported ........................ [TRUE]
________________________________________________________________________________
 STAGE:	LOGICAL DEVICE
    13:	  	vkCreateDevice                                 [0x561352f13b20]
	info:	    VkDevice ................................. [0x561352f13b20]
________________________________________________________________________________
 STAGE:	SWAPCHAIN
    14:	  	vkCreateSwapchainKHR                           [0xfa21a40000000003]
    15:	  	vkGetSwapchainImagesKHR                        [2]
    16:	  	vkGetSwapchainImagesKHR                        [ARRAY]
	info:	0	Swapchain Image ...................... [0xf56c9b0000000004]
	info:	1	Swapchain Image ...................... [0xe7f79a0000000005]
________________________________________________________________________________
 STAGE:	WORK LAYER IMAGES
    17:	  	vkCreateImage                                  [0xf443490000000006]
  void: 	vkGetImageMemoryRequirements
	info:	0	vk_mem_reqs size ..................... [4194304]
	info:	0	vk_mem_reqs alignment ................ [1024]
	info:	0	vk_mem_reqs memoryTypeBits ........... [130]
	info:	0	memoryTypeIndex ...................... [7]
    18:	  	vkAllocateMemory                               [0xcb3ee80000000007]
    19:	  	vkBindImageMemory                              [0xf443490000000006]
    20:	  	vkCreateImage                                  [0xead9370000000008]
  void: 	vkGetImageMemoryRequirements
	info:	1	vk_mem_reqs size ..................... [4194304]
	info:	1	vk_mem_reqs alignment ................ [1024]
	info:	1	vk_mem_reqs memoryTypeBits ........... [130]
	info:	1	memoryTypeIndex ...................... [7]
    21:	  	vkAllocateMemory                               [0xee647e0000000009]
    22:	  	vkBindImageMemory                              [0xead9370000000008]
________________________________________________________________________________
 STAGE:	BLIT EXPORT IMAGE
    23:	  	vkCreateImage                                  [0xcfef35000000000a]
  void: 	vkGetImageMemoryRequirements
	info:	    vk_mem_reqs size ......................... [2097152]
	info:	    vk_mem_reqs alignment .................... [1024]
	info:	    vk_mem_reqs memoryTypeBits ............... [130]
	info:	    memoryTypeIndex .......................... [7]
    24:	  	vkAllocateMemory                               [0xec4bec000000000b]
    25:	  	vkBindImageMemory                              [0xcfef35000000000a]
________________________________________________________________________________
 STAGE:	BLIT EXPORT BUFFER
    26:	  	vkCreateBuffer                                 [0xe88693000000000c]
  void: 	vkGetBufferMemoryRequirements
	info:	    blit2buff size ........................... [2097152]
	info:	    blit2buff alignment ...................... [256]
	info:	    blit2buff memoryTypeBits ................. [1921]
	info:	    memoryTypeIndex .......................... [9]
    27:	  	vkAllocateMemory                               [0xcad092000000000d]
    28:	  	vkBindBufferMemory                             [0xe88693000000000c]
    29:	  	vkMapMemory                                    [0x7f88ce2c8000]
________________________________________________________________________________
 STAGE:	SHADER DATA
  void: 	getShaderCodeInfo
  void: 	getShaderCodeInfo
	info:	0	Vert shaderFilename .................. [./app/vert_TriQuad.spv]
	info:	0	Vert shaderBytes ..................... [876]
	info:	0	Vert shaderBytesValid ................ [TRUE]
	info:	1	Vert shaderFilename .................. [./app/frag_automata0000.spv]
	info:	1	Vert shaderBytes ..................... [120680]
	info:	1	Vert shaderBytesValid ................ [TRUE]
    30:	  	vkCreateShaderModule                           [0x967dd1000000000e]
    31:	  	vkCreateShaderModule                           [0xe7e6d0000000000f]
________________________________________________________________________________
 STAGE:	RENDERPASS INFO
    32:	  	vkCreateSampler                                [0xd5b26f0000000010]
________________________________________________________________________________
 STAGE:	PIPELINE INFO
________________________________________________________________________________
 STAGE:	COMMAND BUFFERS
    33:	  	vkCreateCommandPool                            [0x980f360000000011]
    34:	  	vkAllocateCommandBuffers                       [0x56135462af60]
    35:	  	vkCreateCommandPool                            [0xdcc8fd0000000012]
    36:	  	vkAllocateCommandBuffers                       [0x5613545fcc90]
    37:	  	vkCreateCommandPool                            [0xd175b40000000013]
    38:	  	vkAllocateCommandBuffers                       [0x5613542ccc30]
    39:	  	vkCreateCommandPool                            [0x9fde6b0000000014]
    40:	  	vkAllocateCommandBuffers                       [0x5613545c7130]
    41:	  	vkCreateCommandPool                            [0xdd3a8a0000000015]
    42:	  	vkAllocateCommandBuffers                       [0x5613545e4cf0]
    43:	  	vkCreateCommandPool                            [0xd897d90000000016]
    44:	  	vkAllocateCommandBuffers                       [0x561354641540]
    45:	  	vkCreateCommandPool                            [0x84c0580000000017]
    46:	  	vkAllocateCommandBuffers                       [0x5613546425d0]
    47:	  	vkCreateCommandPool                            [0xd10d270000000018]
    48:	  	vkAllocateCommandBuffers                       [0x5613545c9230]
    49:	  	vkCreateCommandPool                            [0x27d60e0000000019]
    50:	  	vkAllocateCommandBuffers                       [0x5613545ca2c0]
    51:	  	vkCreateCommandPool                            [0x95a125000000001a]
    52:	  	vkAllocateCommandBuffers                       [0x56135462d3b0]
    53:	  	vkCreateCommandPool                            [0xcb1c7c000000001b]
    54:	  	vkAllocateCommandBuffers                       [0x5613545e2070]
    55:	  	vkCreateCommandPool                            [0x2cfba2000000001c]
    56:	  	vkAllocateCommandBuffers                       [0x56135463e2b0]
    57:	  	vkCreateCommandPool                            [0x908683000000001d]
    58:	  	vkAllocateCommandBuffers                       [0x561354627fc0]
    59:	  	vkCreateCommandPool                            [0xcfcda0000000001e]
    60:	  	vkAllocateCommandBuffers                       [0x5613542d4400]
    61:	  	vkCreateCommandPool                            [0x2e2941000000001f]
    62:	  	vkAllocateCommandBuffers                       [0x5613545e9ad0]
    63:	  	vkCreateCommandPool                            [0xab64de0000000020]
    64:	  	vkAllocateCommandBuffers                       [0x5613545f82c0]
    65:	  	vkCreateCommandPool                            [0xc4f3070000000021]
    66:	  	vkAllocateCommandBuffers                       [0x5613542d7f60]
    67:	  	vkCreateCommandPool                            [0x301e6c0000000022]
    68:	  	vkAllocateCommandBuffers                       [0x5613542db7d0]
________________________________________________________________________________
 STAGE:	QUEUE SYNC
  void: 	vkGetDeviceQueue
    69:	  	vkCreateFence                                  [0xa7c5450000000023]
________________________________________________________________________________
 STAGE:	SWAPCHAIN SYNC
    70:	  	vkCreateSemaphore                              [0xb991fa0000000024]
    71:	  	vkCreateSemaphore                              [0x3a6cbb0000000025]
    72:	  	vkCreateSemaphore                              [0xa2eb680000000026]
  void: 	vkGetDeviceQueue
  void: 	vkGetDeviceQueue
________________________________________________________________________________
 STAGE:	WORK IMAGE VIEWS
    73:	  	vkCreateImageView                              [0xb097c90000000027]
    74:	  	vkCreateImageView                              [0x3fbcd60000000028]
________________________________________________________________________________
 STAGE:	RECORD WORK_INIT
    75:	  	vkBeginCommandBuffer                           [0]
  void: 	vkCmdPipelineBarrier
    76:	  	vkEndCommandBuffer                             [0]
    77:	  	vkBeginCommandBuffer                           [1]
  void: 	vkCmdPipelineBarrier
    78:	  	vkEndCommandBuffer                             [1]
________________________________________________________________________________
 STAGE:	SUBMIT WORK_INIT
  void: 	vkcombuf_work_init
    79:	  	vkQueueSubmit                                  [0]
  void: 	vkcombuf_work_init
    80:	  	vkQueueSubmit                                  [1]
________________________________________________________________________________
 STAGE:	WORK DESCRIPTOR SETS
	info:	    pool_info.maxSets ........................ [4]
    81:	  	vkCreateDescriptorSetLayout                    [0xb9181f0000000029]
    82:	  	vkCreateDescriptorPool                         [0xba7514000000002a]
    83:	  	vkAllocateDescriptorSets                       [0x2e2cd000000002b]
    84:	  	vkAllocateDescriptorSets                       [0xb12fb2000000002c]
________________________________________________________________________________
 STAGE:	WORK SAMPLER
________________________________________________________________________________
 STAGE:	WORK UNIFORM BUFFER
	info:	    UB32_64 size ............................. [256]
    85:	  	vkCreateBuffer                                 [0xa43473000000002d]
________________________________________________________________________________
 STAGE:	WORK DESCRIPTOR MEMORY
  void: 	vkGetBufferMemoryRequirements
	info:	    memreq size .............................. [256]
	info:	    memreq alignment ......................... [256]
	info:	    memreq memoryTypeBits .................... [1921]
	info:	    memoryTypeIndex .......................... [8]
    86:	  	vkAllocateMemory                               [0x980b0000000002e]
    87:	  	vkBindBufferMemory                             [0xa43473000000002d]
  void: 	vkUpdateDescriptorSets
  void: 	vkUpdateDescriptorSets
  void: 	vkUpdateDescriptorSets
  void: 	vkUpdateDescriptorSets
    88:	  	vkMapMemory                                    [0x7f88ce237e00]
________________________________________________________________________________
 STAGE:	WORK RENDER PASS
    89:	  	vkCreateRenderPass                             [0x4b7df1000000002f]
________________________________________________________________________________
 STAGE:	WORK FRAMEBUFFER
    90:	  	vkCreateFramebuffer                            [0xa21a4e0000000030]
    91:	  	vkCreateFramebuffer                            [0xea7170000000031]
________________________________________________________________________________
 STAGE:	WORK PIPELINE
    92:	  	vkCreatePipelineLayout                         [0x4fac1c0000000032]
    93:	  	vkCreateGraphicsPipelines                      [0xa808d50000000033]
________________________________________________________________________________
 STAGE:	RECORD WORK LOOP
    94:	  	vkBeginCommandBuffer                           [0]
  void: 	vkCmdBeginRenderPass
  void: 	vkCmdBindPipeline
  void: 	vkCmdBindDescriptorSets
  void: 	vkCmdDraw
  void: 	vkCmdEndRenderPass
    95:	  	vkEndCommandBuffer                             [0]
    96:	  	vkBeginCommandBuffer                           [1]
  void: 	vkCmdBeginRenderPass
  void: 	vkCmdBindPipeline
  void: 	vkCmdBindDescriptorSets
  void: 	vkCmdDraw
  void: 	vkCmdEndRenderPass
    97:	  	vkEndCommandBuffer                             [1]
________________________________________________________________________________
 STAGE:	IMGUI RENDER PASS
    98:	  	vkCreateRenderPass                             [0x2b424a0000000034]
________________________________________________________________________________
 STAGE:	IMGUI FRAMEBUFFER
    99:	  	vkCreateImageView                              [0x4295ab0000000035]
   100:	  	vkCreateImageView                              [0x9638f80000000036]
   101:	  	vkCreateFramebuffer                            [0x2723ba0000000037]
   102:	  	vkCreateFramebuffer                            [0x59f7450000000038]
________________________________________________________________________________
 STAGE:	BARRIERS
________________________________________________________________________________
 STAGE:	RECORD IMAGEDATA INIT
   103:	  	vkBeginCommandBuffer                           [0]
  void: 	vkCmdPipelineBarrier
   104:	  	vkEndCommandBuffer                             [0]
________________________________________________________________________________
 STAGE:	SUBMIT IMAGEDATA INIT
  void: 	vkcombuf_work_init
   105:	  	vkQueueSubmit                                  [0]
________________________________________________________________________________
 STAGE:	RECORD IMAGEDATA OUT
   106:	  	vkBeginCommandBuffer                           [0]
  void: 	vkCmdPipelineBarrier
  void: 	vkCmdBlitImage
  void: 	vkCmdPipelineBarrier
   107:	  	vkEndCommandBuffer                             [0]
   108:	  	vkBeginCommandBuffer                           [1]
  void: 	vkCmdPipelineBarrier
  void: 	vkCmdBlitImage
  void: 	vkCmdPipelineBarrier
   109:	  	vkEndCommandBuffer                             [1]
________________________________________________________________________________
 STAGE:	RECORD BLIT IMGUI OUT
   110:	  	vkBeginCommandBuffer                           [0]
  void: 	vkCmdPipelineBarrier
  void: 	vkCmdBlitImage
  void: 	vkCmdPipelineBarrier
   111:	  	vkEndCommandBuffer                             [0]
   112:	  	vkBeginCommandBuffer                           [1]
  void: 	vkCmdPipelineBarrier
  void: 	vkCmdBlitImage
  void: 	vkCmdPipelineBarrier
   113:	  	vkEndCommandBuffer                             [1]
________________________________________________________________________________
 STAGE:	RECORD BLIT2BUFF
   114:	  	vkBeginCommandBuffer                           [0]
  void: 	vkCmdPipelineBarrier
  void: 	vkCmdCopyImageToBuffer
  void: 	vkCmdPipelineBarrier
   115:	  	vkEndCommandBuffer                             [0]
________________________________________________________________________________
 STAGE:	RECORD PRES INIT
   116:	  	vkBeginCommandBuffer                           [0]
  void: 	vkCmdPipelineBarrier
   117:	  	vkEndCommandBuffer                             [0]
   118:	  	vkBeginCommandBuffer                           [1]
  void: 	vkCmdPipelineBarrier
   119:	  	vkEndCommandBuffer                             [1]
________________________________________________________________________________
 STAGE:	SUBMIT PRES INIT
  void: 	vkcombuf_pres_init
   120:	  	vkQueueSubmit                                  [0]
  void: 	vkcombuf_pres_init
   121:	  	vkQueueSubmit                                  [1]
________________________________________________________________________________
 STAGE:	RECORD PRES LOOP
   122:	  	vkBeginCommandBuffer                           [0]
  void: 	vkCmdPipelineBarrier
  void: 	vkCmdPipelineBarrier
  void: 	vkCmdBlitImage
  void: 	vkCmdPipelineBarrier
  void: 	vkCmdPipelineBarrier
   123:	  	vkEndCommandBuffer                             [0]
   124:	  	vkBeginCommandBuffer                           [1]
  void: 	vkCmdPipelineBarrier
  void: 	vkCmdPipelineBarrier
  void: 	vkCmdBlitImage
  void: 	vkCmdPipelineBarrier
  void: 	vkCmdPipelineBarrier
   125:	  	vkEndCommandBuffer                             [1]
   126:	  	vkBeginCommandBuffer                           [2]
  void: 	vkCmdPipelineBarrier
  void: 	vkCmdPipelineBarrier
  void: 	vkCmdBlitImage
  void: 	vkCmdPipelineBarrier
  void: 	vkCmdPipelineBarrier
   127:	  	vkEndCommandBuffer                             [2]
   128:	  	vkBeginCommandBuffer                           [3]
  void: 	vkCmdPipelineBarrier
  void: 	vkCmdPipelineBarrier
  void: 	vkCmdBlitImage
  void: 	vkCmdPipelineBarrier
  void: 	vkCmdPipelineBarrier
   129:	  	vkEndCommandBuffer                             [3]
________________________________________________________________________________
 STAGE:	SWAPCHAIN PRESENT INFO
________________________________________________________________________________
 STAGE:	DEAR IMGUI
	info:	    IMGUI Version ............................ [1]
  void: 	ImGui::CreateContext
  void: 	ImGui::StyleColorsDark
  void: 	ImGui::GetIO
  void: 	ImGui_ImplGlfw_InitForVulkan
   130:	  	vkCreateDescriptorPool                         [0x944a2c0000000039]
  void: 	ImGui_ImplVulkan_Init
   131:	  	vkCreateCommandPool                            [0x6612e40000000041]
   132:	  	vkAllocateCommandBuffers                       [0x561354499390]
   133:	  	vkBeginCommandBuffer                           [0x561354499390]
  void: 	ImGui_ImplVulkan_CreateFontsTexture
   134:	  	vkEndCommandBuffer                             [0x561354499390]
  void: 	combuf_imgui
   135:	  	vkQueueSubmit                                  [0]
________________________________________________________________________________
 STAGE:	MAIN LOOP INIT
Welcome!
________________________________________________________________________________
 STAGE:	MAIN LOOP
	Load PCD256 Data Count: -1 / 10849

LOAD:
  PatternConfigData_256:
    3623454870, 3996177378, 2493082404, 2539568308, 
    2902770338, 2748334363, 3916062534, 3133871508, 
    2141077123, 2896267524, 3034195991, 4025486196, 
    3924646470, 955000700, 533359973, 2669242211, 
    3129041795, 1797622866, 3604360196, 1663834578, 
    2951390210, 89909183, 401598571, 3881667304, 
    1869262797, 2070265211, 2112489969, 2195906039, 
    25400164, 679721957, 3041760940, 2769845750, 
    1142339995, 967202552, 3999394399, 562313588, 
    3263155145, 2211997121, 3756097928, 3153254385, 
    1042196604, 260216793, 1197783827, 2677667094, 
    897281979, 2554615134, 4191642387, 3579535803, 
    0, 0, 0, 0, 
    0, 0, 0, 0, 
    0, 0, 0, 0, 
    0, 1078014661, 1130324092, 0, 


SAVE:
  PatternConfigData_256:
    3623454870, 3996177378, 2493082404, 2539568308, 
    2902770338, 2748334363, 3916062534, 3133871508, 
    2141077123, 2896267524, 3034195991, 4025486196, 
    3924646470, 955000700, 533359973, 2669242211, 
    3129041795, 1797622866, 3604360196, 1663834578, 
    2951390210, 89909183, 401598571, 3881667304, 
    1869262797, 2070265211, 2112489969, 2195906039, 
    25400164, 679721957, 3041760940, 2769845750, 
    1142339995, 967202552, 3999394399, 562313588, 
    3263155145, 2211997121, 3756097928, 3153254385, 
    1042196604, 260216793, 1197783827, 2677667094, 
    897281979, 2554615134, 4191642387, 3579535803, 
    0, 0, 0, 0, 
    0, 0, 0, 0, 
    0, 0, 0, 0, 
    0, 1078014661, 1130324092, 0, 

	info:	    IMGUI Build Time ......................... [167006 ns, 5987 FPS]
   136:	  	vkBeginCommandBuffer                           [0]
  void: 	vkCmdBeginRenderPass
  void: 	vkCmdEndRenderPass
  void: 	vkCmdPipelineBarrier
   137:	  	vkEndCommandBuffer                             [0]
   138:	  	vkBeginCommandBuffer                           [1]
  void: 	vkCmdBeginRenderPass
  void: 	vkCmdEndRenderPass
  void: 	vkCmdPipelineBarrier
   139:	  	vkEndCommandBuffer                             [1]
	info:	    Command Buffer Build Time ................ [225518 ns, 4434 FPS]
  void: 	memcpy
  void: 	vkcombuf_work
   140:	  	vkQueueSubmit                                  [0x7ffe0f6b49c8]
   141:	  	vkAcquireNextImageKHR                          [0]
	info:	    swap_image_index ......................... [0]
  void: 	vkcombuf_pres
   142:	  	vkQueueSubmit                                  [0x7ffe0f6b2680]
  void: 	vkcombuf_IMGUI
   143:	  	vkQueueSubmit                                  [0x7ffe0f6b28f0]
   144:	  	vkWaitForFences <100ms>                        [0xa7c5450000000023]
	info:	    Work Queue Time .......................... [39722102 ns, 25 FPS]
   145:	  	vkResetFences                                  [0xa7c5450000000023]
   146:	  	vkQueuePresentKHR                              [0]
	info:	    Full Loop Time ........................... [42317076 ns, 23 FPS]
________________________________________________________________________________
 STAGE:	LOOP
	info:	    IMGUI Build Time ......................... [564428 ns, 1771 FPS]
   147:	  	vkBeginCommandBuffer                           [0]
  void: 	vkCmdBeginRenderPass
  void: 	vkCmdEndRenderPass
  void: 	vkCmdPipelineBarrier
   148:	  	vkEndCommandBuffer                             [0]
   149:	  	vkBeginCommandBuffer                           [1]
  void: 	vkCmdBeginRenderPass
  void: 	vkCmdEndRenderPass
  void: 	vkCmdPipelineBarrier
   150:	  	vkEndCommandBuffer                             [1]
	info:	    Command Buffer Build Time ................ [250470 ns, 3992 FPS]
  void: 	memcpy
  void: 	vkcombuf_work
   151:	  	vkQueueSubmit                                  [0x7ffe0f6b4960]
   152:	  	vkAcquireNextImageKHR                          [1]
	info:	    swap_image_index ......................... [1]
  void: 	vkcombuf_pres
   153:	  	vkQueueSubmit                                  [0x7ffe0f6b27b8]
  void: 	vkcombuf_IMGUI
   154:	  	vkQueueSubmit                                  [0x7ffe0f6b2958]
   155:	  	vkWaitForFences <100ms>                        [0xa7c5450000000023]
	info:	    Work Queue Time .......................... [1386557 ns, 721 FPS]
   156:	  	vkResetFences                                  [0xa7c5450000000023]
   157:	  	vkQueuePresentKHR                              [1]
	info:	    Full Loop Time ........................... [2325075 ns, 430 FPS]
________________________________________________________________________________
 STAGE:	LOOP
	info:	    IMGUI Build Time ......................... [102032 ns, 9800 FPS]
   158:	  	vkBeginCommandBuffer                           [0]
  void: 	vkCmdBeginRenderPass
  void: 	vkCmdEndRenderPass
  void: 	vkCmdPipelineBarrier
   159:	  	vkEndCommandBuffer                             [0]
   160:	  	vkBeginCommandBuffer                           [1]
  void: 	vkCmdBeginRenderPass
  void: 	vkCmdEndRenderPass
  void: 	vkCmdPipelineBarrier
   161:	  	vkEndCommandBuffer                             [1]
	info:	    Command Buffer Build Time ................ [113523 ns, 8808 FPS]
  void: 	memcpy
  void: 	vkcombuf_work
   162:	  	vkQueueSubmit                                  [0x7ffe0f6b49c8]
   163:	  	vkAcquireNextImageKHR                          [0]
	info:	    swap_image_index ......................... [0]
  void: 	vkcombuf_pres
   164:	  	vkQueueSubmit                                  [0x7ffe0f6b2680]
  void: 	vkcombuf_IMGUI
   165:	  	vkQueueSubmit                                  [0x7ffe0f6b28f0]
   166:	  	vkWaitForFences <100ms>                        [0xa7c5450000000023]
	info:	    Work Queue Time .......................... [1858452 ns, 538 FPS]
   167:	  	vkResetFences                                  [0xa7c5450000000023]
   168:	  	vkQueuePresentKHR                              [0]
	info:	    Full Loop Time ........................... [2190411 ns, 456 FPS]
________________________________________________________________________________
 STAGE:	LOOP
	info:	    IMGUI Build Time ......................... [104326 ns, 9585 FPS]
   169:	  	vkBeginCommandBuffer                           [0]
  void: 	vkCmdBeginRenderPass
  void: 	vkCmdEndRenderPass
  void: 	vkCmdPipelineBarrier
   170:	  	vkEndCommandBuffer                             [0]
   171:	  	vkBeginCommandBuffer                           [1]
  void: 	vkCmdBeginRenderPass
  void: 	vkCmdEndRenderPass
  void: 	vkCmdPipelineBarrier
   172:	  	vkEndCommandBuffer                             [1]
	info:	    Command Buffer Build Time ................ [113357 ns, 8821 FPS]
  void: 	memcpy
  void: 	vkcombuf_work
   173:	  	vkQueueSubmit                                  [0x7ffe0f6b4960]
   174:	  	vkAcquireNextImageKHR                          [1]
	info:	    swap_image_index ......................... [1]
  void: 	vkcombuf_pres
   175:	  	vkQueueSubmit                                  [0x7ffe0f6b27b8]
  void: 	vkcombuf_IMGUI
   176:	  	vkQueueSubmit                                  [0x7ffe0f6b2958]
   177:	  	vkWaitForFences <100ms>                        [0xa7c5450000000023]
	info:	    Work Queue Time .......................... [1389146 ns, 719 FPS]
   178:	  	vkResetFences                                  [0xa7c5450000000023]
   179:	  	vkQueuePresentKHR                              [1]
	info:	    Full Loop Time ........................... [1706949 ns, 585 FPS]
________________________________________________________________________________
 STAGE:	LOOP
	info:	    IMGUI Build Time ......................... [83405 ns, 11989 FPS]
   180:	  	vkBeginCommandBuffer                           [0]
  void: 	vkCmdBeginRenderPass
  void: 	vkCmdEndRenderPass
  void: 	vkCmdPipelineBarrier
   181:	  	vkEndCommandBuffer                             [0]
   182:	  	vkBeginCommandBuffer                           [1]
  void: 	vkCmdBeginRenderPass
  void: 	vkCmdEndRenderPass
  void: 	vkCmdPipelineBarrier
   183:	  	vkEndCommandBuffer                             [1]
	info:	    Command Buffer Build Time ................ [116051 ns, 8616 FPS]
  void: 	memcpy
  void: 	vkcombuf_work
   184:	  	vkQueueSubmit                                  [0x7ffe0f6b49c8]
   185:	  	vkAcquireNextImageKHR                          [0]
	info:	    swap_image_index ......................... [0]
  void: 	vkcombuf_pres
   186:	  	vkQueueSubmit                                  [0x7ffe0f6b2680]
  void: 	vkcombuf_IMGUI
   187:	  	vkQueueSubmit                                  [0x7ffe0f6b28f0]
   188:	  	vkWaitForFences <100ms>                        [0xa7c5450000000023]
	info:	    Work Queue Time .......................... [1394298 ns, 717 FPS]
   189:	  	vkResetFences                                  [0xa7c5450000000023]
   190:	  	vkQueuePresentKHR                              [0]
	info:	    Full Loop Time ........................... [1719866 ns, 581 FPS]
________________________________________________________________________________
 STAGE:	LOOP
	info:	    IMGUI Build Time ......................... [69147 ns, 14461 FPS]
   191:	  	vkBeginCommandBuffer                           [0]
  void: 	vkCmdBeginRenderPass
  void: 	vkCmdEndRenderPass
  void: 	vkCmdPipelineBarrier
   192:	  	vkEndCommandBuffer                             [0]
   193:	  	vkBeginCommandBuffer                           [1]
  void: 	vkCmdBeginRenderPass
  void: 	vkCmdEndRenderPass
  void: 	vkCmdPipelineBarrier
   194:	  	vkEndCommandBuffer                             [1]
	info:	    Command Buffer Build Time ................ [111904 ns, 8936 FPS]
  void: 	memcpy
  void: 	vkcombuf_work
   195:	  	vkQueueSubmit                                  [0x7ffe0f6b4960]
   196:	  	vkAcquireNextImageKHR                          [1]
	info:	    swap_image_index ......................... [1]
  void: 	vkcombuf_pres
   197:	  	vkQueueSubmit                                  [0x7ffe0f6b27b8]
  void: 	vkcombuf_IMGUI
   198:	  	vkQueueSubmit                                  [0x7ffe0f6b2958]
   199:	  	vkWaitForFences <100ms>                        [0xa7c5450000000023]
	info:	    Work Queue Time .......................... [1370633 ns, 729 FPS]
   200:	  	vkResetFences                                  [0xa7c5450000000023]
   201:	  	vkQueuePresentKHR                              [1]
	info:	    Full Loop Time ........................... [1671851 ns, 598 FPS]
________________________________________________________________________________
 STAGE:	LOOP
	info:	    IMGUI Build Time ......................... [67361 ns, 14845 FPS]
   202:	  	vkBeginCommandBuffer                           [0]
  void: 	vkCmdBeginRenderPass
  void: 	vkCmdEndRenderPass
  void: 	vkCmdPipelineBarrier
   203:	  	vkEndCommandBuffer                             [0]
   204:	  	vkBeginCommandBuffer                           [1]
  void: 	vkCmdBeginRenderPass
  void: 	vkCmdEndRenderPass
  void: 	vkCmdPipelineBarrier
   205:	  	vkEndCommandBuffer                             [1]
	info:	    Command Buffer Build Time ................ [126802 ns, 7886 FPS]
  void: 	memcpy
  void: 	vkcombuf_work
   206:	  	vkQueueSubmit                                  [0x7ffe0f6b49c8]
   207:	  	vkAcquireNextImageKHR                          [0]
	info:	    swap_image_index ......................... [0]
  void: 	vkcombuf_pres
   208:	  	vkQueueSubmit                                  [0x7ffe0f6b2680]
  void: 	vkcombuf_IMGUI
   209:	  	vkQueueSubmit                                  [0x7ffe0f6b28f0]
   210:	  	vkWaitForFences <100ms>                        [0xa7c5450000000023]
	info:	    Work Queue Time .......................... [1352287 ns, 739 FPS]
   211:	  	vkResetFences                                  [0xa7c5450000000023]
   212:	  	vkQueuePresentKHR                              [0]
	info:	    Full Loop Time ........................... [1643940 ns, 608 FPS]
________________________________________________________________________________
 STAGE:	LOOP
	info:	    IMGUI Build Time ......................... [67307 ns, 14857 FPS]
   213:	  	vkBeginCommandBuffer                           [0]
  void: 	vkCmdBeginRenderPass
  void: 	vkCmdEndRenderPass
  void: 	vkCmdPipelineBarrier
   214:	  	vkEndCommandBuffer                             [0]
   215:	  	vkBeginCommandBuffer                           [1]
  void: 	vkCmdBeginRenderPass
  void: 	vkCmdEndRenderPass
  void: 	vkCmdPipelineBarrier
   216:	  	vkEndCommandBuffer                             [1]
	info:	    Command Buffer Build Time ................ [129102 ns, 7745 FPS]
  void: 	memcpy
  void: 	vkcombuf_work
   217:	  	vkQueueSubmit                                  [0x7ffe0f6b4960]
   218:	  	vkAcquireNextImageKHR                          [1]
	info:	    swap_image_index ......................... [1]
  void: 	vkcombuf_pres
   219:	  	vkQueueSubmit                                  [0x7ffe0f6b27b8]
  void: 	vkcombuf_IMGUI
   220:	  	vkQueueSubmit                                  [0x7ffe0f6b2958]
   221:	  	vkWaitForFences <100ms>                        [0xa7c5450000000023]
	info:	    Work Queue Time .......................... [1369165 ns, 730 FPS]
   222:	  	vkResetFences                                  [0xa7c5450000000023]
   223:	  	vkQueuePresentKHR                              [1]
	info:	    Full Loop Time ........................... [3743242 ns, 267 FPS]
________________________________________________________________________________
 STAGE:	LOOP
	info:	    IMGUI Build Time ......................... [73279 ns, 13646 FPS]
   224:	  	vkBeginCommandBuffer                           [0]
  void: 	vkCmdBeginRenderPass
  void: 	vkCmdEndRenderPass
  void: 	vkCmdPipelineBarrier
   225:	  	vkEndCommandBuffer                             [0]
   226:	  	vkBeginCommandBuffer                           [1]
  void: 	vkCmdBeginRenderPass
  void: 	vkCmdEndRenderPass
  void: 	vkCmdPipelineBarrier
   227:	  	vkEndCommandBuffer                             [1]
	info:	    Command Buffer Build Time ................ [124685 ns, 8020 FPS]
  void: 	memcpy
  void: 	vkcombuf_work
   228:	  	vkQueueSubmit                                  [0x7ffe0f6b49c8]
   229:	  	vkAcquireNextImageKHR                          [0]
	info:	    swap_image_index ......................... [0]
  void: 	vkcombuf_pres
   230:	  	vkQueueSubmit                                  [0x7ffe0f6b2680]
  void: 	vkcombuf_IMGUI
   231:	  	vkQueueSubmit                                  [0x7ffe0f6b28f0]
   232:	  	vkWaitForFences <100ms>                        [0xa7c5450000000023]
	info:	    Work Queue Time .......................... [1335661 ns, 748 FPS]
   233:	  	vkResetFences                                  [0xa7c5450000000023]
   234:	  	vkQueuePresentKHR                              [0]
	info:	    Full Loop Time ........................... [1620574 ns, 617 FPS]
________________________________________________________________________________
 STAGE:	LOOP
	info:	    IMGUI Build Time ......................... [68163 ns, 14670 FPS]
   235:	  	vkBeginCommandBuffer                           [0]
  void: 	vkCmdBeginRenderPass
  void: 	vkCmdEndRenderPass
  void: 	vkCmdPipelineBarrier
   236:	  	vkEndCommandBuffer                             [0]
   237:	  	vkBeginCommandBuffer                           [1]
  void: 	vkCmdBeginRenderPass
  void: 	vkCmdEndRenderPass
  void: 	vkCmdPipelineBarrier
   238:	  	vkEndCommandBuffer                             [1]
	info:	    Command Buffer Build Time ................ [114750 ns, 8714 FPS]
  void: 	memcpy
  void: 	vkcombuf_work
   239:	  	vkQueueSubmit                                  [0x7ffe0f6b4960]
   240:	  	vkAcquireNextImageKHR                          [1]
	info:	    swap_image_index ......................... [1]
  void: 	vkcombuf_pres
   241:	  	vkQueueSubmit                                  [0x7ffe0f6b27b8]
  void: 	vkcombuf_IMGUI
   242:	  	vkQueueSubmit                                  [0x7ffe0f6b2958]
   243:	  	vkWaitForFences <100ms>                        [0xa7c5450000000023]
	info:	    Work Queue Time .......................... [1360106 ns, 735 FPS]
   244:	  	vkResetFences                                  [0xa7c5450000000023]
   245:	  	vkQueuePresentKHR                              [1]
	info:	    Full Loop Time ........................... [1623562 ns, 615 FPS]
________________________________________________________________________________
 STAGE:	LOOP
	info:	    IMGUI Build Time ......................... [67166 ns, 14888 FPS]
   246:	  	vkBeginCommandBuffer                           [0]
  void: 	vkCmdBeginRenderPass
  void: 	vkCmdEndRenderPass
  void: 	vkCmdPipelineBarrier
   247:	  	vkEndCommandBuffer                             [0]
   248:	  	vkBeginCommandBuffer                           [1]
  void: 	vkCmdBeginRenderPass
  void: 	vkCmdEndRenderPass
  void: 	vkCmdPipelineBarrier
   249:	  	vkEndCommandBuffer                             [1]
	info:	    Command Buffer Build Time ................ [113039 ns, 8846 FPS]
  void: 	memcpy
  void: 	vkcombuf_work
   250:	  	vkQueueSubmit                                  [0x7ffe0f6b49c8]
   251:	  	vkAcquireNextImageKHR                          [0]
	info:	    swap_image_index ......................... [0]
  void: 	vkcombuf_pres
   252:	  	vkQueueSubmit                                  [0x7ffe0f6b2680]
  void: 	vkcombuf_IMGUI
   253:	  	vkQueueSubmit                                  [0x7ffe0f6b28f0]
   254:	  	vkWaitForFences <100ms>                        [0xa7c5450000000023]
	info:	    Work Queue Time .......................... [1380872 ns, 724 FPS]
   255:	  	vkResetFences                                  [0xa7c5450000000023]
   256:	  	vkQueuePresentKHR                              [0]
	info:	    Full Loop Time ........................... [1651258 ns, 605 FPS]
________________________________________________________________________________
 STAGE:	LOOP
	info:	    IMGUI Build Time ......................... [67291 ns, 14860 FPS]
   257:	  	vkBeginCommandBuffer                           [0]
  void: 	vkCmdBeginRenderPass
  void: 	vkCmdEndRenderPass
  void: 	vkCmdPipelineBarrier
   258:	  	vkEndCommandBuffer                             [0]
   259:	  	vkBeginCommandBuffer                           [1]
  void: 	vkCmdBeginRenderPass
  void: 	vkCmdEndRenderPass
  void: 	vkCmdPipelineBarrier
   260:	  	vkEndCommandBuffer                             [1]
	info:	    Command Buffer Build Time ................ [112363 ns, 8899 FPS]
  void: 	memcpy
  void: 	vkcombuf_work
   261:	  	vkQueueSubmit                                  [0x7ffe0f6b4960]
   262:	  	vkAcquireNextImageKHR                          [1]
	info:	    swap_image_index ......................... [1]
  void: 	vkcombuf_pres
   263:	  	vkQueueSubmit                                  [0x7ffe0f6b27b8]
  void: 	vkcombuf_IMGUI
   264:	  	vkQueueSubmit                                  [0x7ffe0f6b2958]
   265:	  	vkWaitForFences <100ms>                        [0xa7c5450000000023]
	info:	    Work Queue Time .......................... [1595876 ns, 626 FPS]
   266:	  	vkResetFences                                  [0xa7c5450000000023]
   267:	  	vkQueuePresentKHR                              [1]
	info:	    Full Loop Time ........................... [1854589 ns, 539 FPS]
	info:	    Full Loop Time ........................... [1859800 ns, 537 FPS]
________________________________________________________________________________
 STAGE:	LOOP
	info:	    IMGUI Build Time ......................... [66178 ns, 15110 FPS]
   268:	  	vkBeginCommandBuffer                           [0]
  void: 	vkCmdBeginRenderPass
  void: 	vkCmdEndRenderPass
  void: 	vkCmdPipelineBarrier
   269:	  	vkEndCommandBuffer                             [0]
   270:	  	vkBeginCommandBuffer                           [1]
  void: 	vkCmdBeginRenderPass
  void: 	vkCmdEndRenderPass
  void: 	vkCmdPipelineBarrier
   271:	  	vkEndCommandBuffer                             [1]
	info:	    Command Buffer Build Time ................ [115693 ns, 8643 FPS]
  void: 	memcpy
  void: 	vkcombuf_work
   272:	  	vkQueueSubmit                                  [0x7ffe0f6b49c8]
   273:	  	vkAcquireNextImageKHR                          [0]
	info:	    swap_image_index ......................... [0]
  void: 	vkcombuf_pres
   274:	  	vkQueueSubmit                                  [0x7ffe0f6b2680]
  void: 	vkcombuf_IMGUI
   275:	  	vkQueueSubmit                                  [0x7ffe0f6b28f0]
   276:	  	vkWaitForFences <100ms>                        [0xa7c5450000000023]
	info:	    Work Queue Time .......................... [1379068 ns, 725 FPS]
   277:	  	vkResetFences                                  [0xa7c5450000000023]
   278:	  	vkQueuePresentKHR                              [0]
________________________________________________________________________________
 STAGE:	LOOP
	info:	    Full Loop Time ........................... [1422153 ns, 703 FPS]
	info:	    Full Loop Time ........................... [1439878 ns, 694 FPS]
	info:	    Full Loop Time ........................... [1799433 ns, 555 FPS]
	info:	    Full Loop Time ........................... [1411693 ns, 708 FPS]
	info:	    Full Loop Time ........................... [1537704 ns, 650 FPS]
	info:	    Full Loop Time ........................... [1632720 ns, 612 FPS]
	info:	    Full Loop Time ........................... [3229943 ns, 309 FPS]
	info:	    Full Loop Time ........................... [1513321 ns, 660 FPS]
	info:	    Full Loop Time ........................... [1593811 ns, 627 FPS]
Circular Parameter Map
Circular Parameter Map
	info:	    Full Loop Time ........................... [1701578 ns, 587 FPS]
	info:	    Full Loop Time ........................... [1865634 ns, 536 FPS]
Linear Parameter Map
Linear Parameter Map
	info:	    Full Loop Time ........................... [1615746 ns, 618 FPS]
Linear Parameter Map
Linear Parameter Map
	info:	    Full Loop Time ........................... [1579281 ns, 633 FPS]
Planar Parameter Map
Planar Parameter Map
	info:	    Full Loop Time ........................... [1432364 ns, 698 FPS]
	info:	    Full Loop Time ........................... [1804117 ns, 554 FPS]
Planar Parameter Map
Planar Parameter Map
Planar Parameter Map
Planar Parameter Map
	info:	    Full Loop Time ........................... [1698833 ns, 588 FPS]
	info:	    Full Loop Time ........................... [1512970 ns, 660 FPS]
Linear Parameter Map
Linear Parameter Map
	info:	    Full Loop Time ........................... [1765981 ns, 566 FPS]
	info:	    Full Loop Time ........................... [1773843 ns, 563 FPS]
	info:	    Full Loop Time ........................... [1718919 ns, 581 FPS]
	info:	    Full Loop Time ........................... [1572062 ns, 636 FPS]
	info:	    Full Loop Time ........................... [1733790 ns, 576 FPS]
Circular Parameter Map
Circular Parameter Map
	info:	    Full Loop Time ........................... [3047950 ns, 328 FPS]
	info:	    Full Loop Time ........................... [1653190 ns, 604 FPS]
	info:	    Full Loop Time ........................... [1790296 ns, 558 FPS]
	info:	    Full Loop Time ........................... [1612892 ns, 620 FPS]
Planar Parameter Map
Planar Parameter Map
	info:	    Full Loop Time ........................... [1592180 ns, 628 FPS]
	info:	    Full Loop Time ........................... [1731256 ns, 577 FPS]
	info:	    Full Loop Time ........................... [1599111 ns, 625 FPS]
	info:	    Full Loop Time ........................... [1404669 ns, 711 FPS]
	info:	    Full Loop Time ........................... [1424216 ns, 702 FPS]
	info:	    Full Loop Time ........................... [1419481 ns, 704 FPS]
	info:	    Full Loop Time ........................... [1447294 ns, 690 FPS]
	info:	    Full Loop Time ........................... [1387700 ns, 720 FPS]
	info:	    Full Loop Time ........................... [1609433 ns, 621 FPS]
	info:	    Full Loop Time ........................... [1398150 ns, 715 FPS]
	info:	    Full Loop Time ........................... [1640137 ns, 609 FPS]
	info:	    Full Loop Time ........................... [1430368 ns, 699 FPS]
	info:	    Full Loop Time ........................... [1544085 ns, 647 FPS]
	info:	    Full Loop Time ........................... [1490404 ns, 670 FPS]
	info:	    Full Loop Time ........................... [1770484 ns, 564 FPS]
	info:	    Full Loop Time ........................... [1510768 ns, 661 FPS]
	info:	    Full Loop Time ........................... [1539463 ns, 649 FPS]
	info:	    Full Loop Time ........................... [1563410 ns, 639 FPS]
	info:	    Full Loop Time ........................... [1476292 ns, 677 FPS]
	info:	    Full Loop Time ........................... [1493676 ns, 669 FPS]
	info:	    Full Loop Time ........................... [1741148 ns, 574 FPS]
	info:	    Full Loop Time ........................... [1467409 ns, 681 FPS]
	info:	    Full Loop Time ........................... [1467057 ns, 681 FPS]
	info:	    Full Loop Time ........................... [2206454 ns, 453 FPS]
	info:	    Full Loop Time ........................... [1696231 ns, 589 FPS]
	info:	    Full Loop Time ........................... [1456232 ns, 686 FPS]
	info:	    Full Loop Time ........................... [1618053 ns, 618 FPS]
	info:	    Full Loop Time ........................... [1522677 ns, 656 FPS]
	info:	    Full Loop Time ........................... [1456471 ns, 686 FPS]
	info:	    Full Loop Time ........................... [1440366 ns, 694 FPS]
	info:	    Full Loop Time ........................... [1676635 ns, 596 FPS]
	info:	    Full Loop Time ........................... [1540822 ns, 649 FPS]
	info:	    Full Loop Time ........................... [1488229 ns, 671 FPS]
	info:	    Full Loop Time ........................... [1491343 ns, 670 FPS]
	info:	    Full Loop Time ........................... [1472588 ns, 679 FPS]
	info:	    Full Loop Time ........................... [1473694 ns, 678 FPS]
	info:	    Full Loop Time ........................... [1672986 ns, 597 FPS]
	info:	    Full Loop Time ........................... [1489831 ns, 671 FPS]
	info:	    Full Loop Time ........................... [1463813 ns, 683 FPS]
	info:	    Full Loop Time ........................... [1463072 ns, 683 FPS]
	info:	    Full Loop Time ........................... [1425431 ns, 701 FPS]
	info:	    Full Loop Time ........................... [1498735 ns, 667 FPS]
	info:	    Full Loop Time ........................... [1520479 ns, 657 FPS]
	info:	    Full Loop Time ........................... [1727119 ns, 578 FPS]
	info:	    Full Loop Time ........................... [1556484 ns, 642 FPS]
	info:	    Full Loop Time ........................... [1550439 ns, 644 FPS]
	info:	    Full Loop Time ........................... [1645113 ns, 607 FPS]
	info:	    Full Loop Time ........................... [1485385 ns, 673 FPS]
	info:	    Full Loop Time ........................... [1439301 ns, 694 FPS]
	info:	    Full Loop Time ........................... [1467059 ns, 681 FPS]
	info:	    Full Loop Time ........................... [1625858 ns, 615 FPS]
	info:	    Full Loop Time ........................... [1476759 ns, 677 FPS]
	info:	    Full Loop Time ........................... [1444373 ns, 692 FPS]
	info:	    Full Loop Time ........................... [1503298 ns, 665 FPS]
	info:	    Full Loop Time ........................... [1445231 ns, 691 FPS]
	info:	    Full Loop Time ........................... [1441819 ns, 693 FPS]
	info:	    Full Loop Time ........................... [1617387 ns, 618 FPS]
	info:	    Full Loop Time ........................... [1543327 ns, 647 FPS]
	info:	    Full Loop Time ........................... [1614378 ns, 619 FPS]
	info:	    Full Loop Time ........................... [1672695 ns, 597 FPS]
	info:	    Full Loop Time ........................... [1503923 ns, 664 FPS]
	info:	    Full Loop Time ........................... [2092674 ns, 477 FPS]
	info:	    Full Loop Time ........................... [2052001 ns, 487 FPS]
	info:	    Full Loop Time ........................... [2041367 ns, 489 FPS]
	info:	    Full Loop Time ........................... [2092496 ns, 477 FPS]
	info:	    Full Loop Time ........................... [1471032 ns, 679 FPS]
	info:	    Full Loop Time ........................... [10669596 ns, 93 FPS]
	info:	    Full Loop Time ........................... [2104951 ns, 475 FPS]
	info:	    Full Loop Time ........................... [1454505 ns, 687 FPS]
	info:	    Full Loop Time ........................... [1676548 ns, 596 FPS]
	info:	    Full Loop Time ........................... [1457956 ns, 685 FPS]
	info:	    Full Loop Time ........................... [1634829 ns, 611 FPS]
	info:	    Full Loop Time ........................... [1654909 ns, 604 FPS]
	info:	    Full Loop Time ........................... [1602370 ns, 624 FPS]
	info:	    Full Loop Time ........................... [1929474 ns, 518 FPS]
	info:	    Full Loop Time ........................... [32893831 ns, 30 FPS]
	info:	    Full Loop Time ........................... [2390758 ns, 418 FPS]
	info:	    Full Loop Time ........................... [1871029 ns, 534 FPS]
	info:	    Full Loop Time ........................... [1756358 ns, 569 FPS]
	info:	    Full Loop Time ........................... [1748359 ns, 571 FPS]
	info:	    Full Loop Time ........................... [1767496 ns, 565 FPS]
	info:	    Full Loop Time ........................... [2227855 ns, 448 FPS]
	info:	    Full Loop Time ........................... [1764513 ns, 566 FPS]
	info:	    Full Loop Time ........................... [2114651 ns, 472 FPS]
	info:	    Full Loop Time ........................... [2141071 ns, 467 FPS]
	info:	    Full Loop Time ........................... [1934872 ns, 516 FPS]
	info:	    Full Loop Time ........................... [2181086 ns, 458 FPS]
	info:	    Full Loop Time ........................... [2374718 ns, 421 FPS]
	info:	    Full Loop Time ........................... [1908987 ns, 523 FPS]
	info:	    Full Loop Time ........................... [2099892 ns, 476 FPS]
	info:	    Full Loop Time ........................... [1448342 ns, 690 FPS]
	info:	    Full Loop Time ........................... [1767414 ns, 565 FPS]
	info:	    Full Loop Time ........................... [1670670 ns, 598 FPS]
	info:	    Full Loop Time ........................... [1531621 ns, 652 FPS]
	info:	    Full Loop Time ........................... [1488343 ns, 671 FPS]
	info:	    Full Loop Time ........................... [1642560 ns, 608 FPS]
	info:	    Full Loop Time ........................... [1467302 ns, 681 FPS]
	info:	    Full Loop Time ........................... [1469433 ns, 680 FPS]
	info:	    Full Loop Time ........................... [1462675 ns, 683 FPS]
	info:	    Full Loop Time ........................... [1794389 ns, 557 FPS]
	info:	    Full Loop Time ........................... [1743013 ns, 573 FPS]
	info:	    Full Loop Time ........................... [1516983 ns, 659 FPS]
	info:	    Full Loop Time ........................... [1475064 ns, 677 FPS]
	info:	    Full Loop Time ........................... [1458493 ns, 685 FPS]
	info:	    Full Loop Time ........................... [1667980 ns, 599 FPS]
	info:	    Full Loop Time ........................... [1648186 ns, 606 FPS]
	info:	    Full Loop Time ........................... [1579583 ns, 633 FPS]
	info:	    Full Loop Time ........................... [1624124 ns, 615 FPS]
	info:	    Full Loop Time ........................... [2002391 ns, 499 FPS]
	info:	    Full Loop Time ........................... [1437820 ns, 695 FPS]
	info:	    Full Loop Time ........................... [1499412 ns, 666 FPS]
	info:	    Full Loop Time ........................... [1459043 ns, 685 FPS]
	info:	    Full Loop Time ........................... [1461840 ns, 684 FPS]
	info:	    Full Loop Time ........................... [1492080 ns, 670 FPS]
	info:	    Full Loop Time ........................... [1485305 ns, 673 FPS]
	info:	    Full Loop Time ........................... [1526381 ns, 655 FPS]
	info:	    Full Loop Time ........................... [1537494 ns, 650 FPS]
	info:	    Full Loop Time ........................... [1483784 ns, 673 FPS]
	info:	    Full Loop Time ........................... [1452115 ns, 688 FPS]
	info:	    Full Loop Time ........................... [1460116 ns, 684 FPS]
	info:	    Full Loop Time ........................... [1453873 ns, 687 FPS]
	info:	    Full Loop Time ........................... [1498501 ns, 667 FPS]
	info:	    Full Loop Time ........................... [1460936 ns, 684 FPS]
	info:	    Full Loop Time ........................... [1483920 ns, 673 FPS]
	info:	    Full Loop Time ........................... [1462118 ns, 683 FPS]
	info:	    Full Loop Time ........................... [1490129 ns, 671 FPS]
	info:	    Full Loop Time ........................... [1813038 ns, 551 FPS]
	info:	    Full Loop Time ........................... [2070232 ns, 483 FPS]
	info:	    Full Loop Time ........................... [1454121 ns, 687 FPS]
	info:	    Full Loop Time ........................... [1847052 ns, 541 FPS]
	info:	    Full Loop Time ........................... [1467102 ns, 681 FPS]
	info:	    Full Loop Time ........................... [1689022 ns, 592 FPS]
	info:	    Full Loop Time ........................... [2157230 ns, 463 FPS]
	info:	    Full Loop Time ........................... [1553968 ns, 643 FPS]
	info:	    Full Loop Time ........................... [1544185 ns, 647 FPS]
	info:	    Full Loop Time ........................... [1956897 ns, 511 FPS]
	info:	    Full Loop Time ........................... [1740004 ns, 574 FPS]
	info:	    Full Loop Time ........................... [1445186 ns, 691 FPS]
	info:	    Full Loop Time ........................... [1552474 ns, 644 FPS]
	info:	    Full Loop Time ........................... [1919852 ns, 520 FPS]
	info:	    Full Loop Time ........................... [1557218 ns, 642 FPS]
	info:	    Full Loop Time ........................... [1683626 ns, 593 FPS]
	info:	    Full Loop Time ........................... [1646058 ns, 607 FPS]
	info:	    Full Loop Time ........................... [1479267 ns, 676 FPS]
	info:	    Full Loop Time ........................... [1463962 ns, 683 FPS]
	info:	    Full Loop Time ........................... [1558489 ns, 641 FPS]
	info:	    Full Loop Time ........................... [1890743 ns, 528 FPS]
	info:	    Full Loop Time ........................... [2144896 ns, 466 FPS]
	info:	    Full Loop Time ........................... [1538686 ns, 649 FPS]
	info:	    Full Loop Time ........................... [2411225 ns, 414 FPS]
	info:	    Full Loop Time ........................... [1511359 ns, 661 FPS]
	info:	    Full Loop Time ........................... [1815985 ns, 550 FPS]
	info:	    Full Loop Time ........................... [1515648 ns, 659 FPS]
	info:	    Full Loop Time ........................... [1505138 ns, 664 FPS]
	info:	    Full Loop Time ........................... [1525421 ns, 655 FPS]
	info:	    Full Loop Time ........................... [2058614 ns, 485 FPS]
	info:	    Full Loop Time ........................... [1459841 ns, 685 FPS]
	info:	    Full Loop Time ........................... [1476355 ns, 677 FPS]
	info:	    Full Loop Time ........................... [1473789 ns, 678 FPS]
	info:	    Full Loop Time ........................... [1933426 ns, 517 FPS]
	info:	    Full Loop Time ........................... [1499414 ns, 666 FPS]
	info:	    Full Loop Time ........................... [1476275 ns, 677 FPS]
	info:	    Full Loop Time ........................... [1683732 ns, 593 FPS]
	info:	    Full Loop Time ........................... [1503537 ns, 665 FPS]
	info:	    Full Loop Time ........................... [1483981 ns, 673 FPS]
	info:	    Full Loop Time ........................... [1472711 ns, 679 FPS]
	info:	    Full Loop Time ........................... [1450108 ns, 689 FPS]
	info:	    Full Loop Time ........................... [1436332 ns, 696 FPS]
	info:	    Full Loop Time ........................... [1508856 ns, 662 FPS]
	info:	    Full Loop Time ........................... [1473465 ns, 678 FPS]
	info:	    Full Loop Time ........................... [1466458 ns, 681 FPS]
	info:	    Full Loop Time ........................... [1445333 ns, 691 FPS]
	info:	    Full Loop Time ........................... [1486696 ns, 672 FPS]
	info:	    Full Loop Time ........................... [1509396 ns, 662 FPS]
	info:	    Full Loop Time ........................... [1466122 ns, 682 FPS]
	info:	    Full Loop Time ........................... [1467579 ns, 681 FPS]
	info:	    Full Loop Time ........................... [1508173 ns, 663 FPS]
	info:	    Full Loop Time ........................... [1465454 ns, 682 FPS]
	info:	    Full Loop Time ........................... [1468640 ns, 680 FPS]
	info:	    Full Loop Time ........................... [1488157 ns, 671 FPS]
	info:	    Full Loop Time ........................... [1526971 ns, 654 FPS]
	info:	    Full Loop Time ........................... [1482390 ns, 674 FPS]
	info:	    Full Loop Time ........................... [1623801 ns, 615 FPS]
	info:	    Full Loop Time ........................... [1482975 ns, 674 FPS]
	info:	    Full Loop Time ........................... [1586299 ns, 630 FPS]
	info:	    Full Loop Time ........................... [1639358 ns, 609 FPS]
	info:	    Full Loop Time ........................... [1441527 ns, 693 FPS]
	info:	    Full Loop Time ........................... [1467373 ns, 681 FPS]
	info:	    Full Loop Time ........................... [1478107 ns, 676 FPS]
	info:	    Full Loop Time ........................... [1571924 ns, 636 FPS]
	info:	    Full Loop Time ........................... [1474501 ns, 678 FPS]
	info:	    Full Loop Time ........................... [1627857 ns, 614 FPS]
	info:	    Full Loop Time ........................... [1466856 ns, 681 FPS]
	info:	    Full Loop Time ........................... [1489897 ns, 671 FPS]
	info:	    Full Loop Time ........................... [1474084 ns, 678 FPS]
	info:	    Full Loop Time ........................... [1545089 ns, 647 FPS]
	info:	    Full Loop Time ........................... [1711863 ns, 584 FPS]
	info:	    Full Loop Time ........................... [1807586 ns, 553 FPS]
	info:	    Full Loop Time ........................... [1465586 ns, 682 FPS]
	info:	    Full Loop Time ........................... [1456092 ns, 686 FPS]
	info:	    Full Loop Time ........................... [1450504 ns, 689 FPS]
	info:	    Full Loop Time ........................... [1546463 ns, 646 FPS]
	info:	    Full Loop Time ........................... [1505475 ns, 664 FPS]
	info:	    Full Loop Time ........................... [1522543 ns, 656 FPS]
	info:	    Full Loop Time ........................... [1484042 ns, 673 FPS]
	info:	    Full Loop Time ........................... [1787385 ns, 559 FPS]
	info:	    Full Loop Time ........................... [1912447 ns, 522 FPS]
	info:	    Full Loop Time ........................... [1895420 ns, 527 FPS]
	info:	    Full Loop Time ........................... [1837810 ns, 544 FPS]
	info:	    Full Loop Time ........................... [1447685 ns, 690 FPS]
	info:	    Full Loop Time ........................... [1476996 ns, 677 FPS]
	info:	    Full Loop Time ........................... [1851355 ns, 540 FPS]
	info:	    Full Loop Time ........................... [1470806 ns, 679 FPS]
	info:	    Full Loop Time ........................... [1774856 ns, 563 FPS]
	info:	    Full Loop Time ........................... [1762695 ns, 567 FPS]
	info:	    Full Loop Time ........................... [1477524 ns, 676 FPS]
	info:	    Full Loop Time ........................... [1562845 ns, 639 FPS]
	info:	    Full Loop Time ........................... [1472382 ns, 679 FPS]
	info:	    Full Loop Time ........................... [1696608 ns, 589 FPS]
	info:	    Full Loop Time ........................... [1455127 ns, 687 FPS]
	info:	    Full Loop Time ........................... [1548103 ns, 645 FPS]
	info:	    Full Loop Time ........................... [1444461 ns, 692 FPS]
	info:	    Full Loop Time ........................... [1558797 ns, 641 FPS]
	info:	    Full Loop Time ........................... [1585428 ns, 630 FPS]
	info:	    Full Loop Time ........................... [1584335 ns, 631 FPS]
	info:	    Full Loop Time ........................... [1555108 ns, 643 FPS]
	info:	    Full Loop Time ........................... [1467743 ns, 681 FPS]
________________________________________________________________________________
 STAGE:	EXIT APPLICATION
________________________________________________________________________________
 STAGE:	CLOSED
  void: 	glfwDestroyWindow
  void: 	return

  END   ./app/RunVulkanAutomataGLFW


Script done on 2022-02-11 18:30:14-03:00 [COMMAND_EXIT_CODE="0"]
