Script started on 2022-02-11 07:30:34-03:00 [TERM="screen-256color" TTY="/dev/pts/26" COLUMNS="117" LINES="27"]
[H[J
  glslc -O ./res/vert/vert_TriQuad.vert -o ./app/vert_TriQuad.spv

  glslc -O ./res/frag/frag_automata0000.frag -o ./app/frag_automata0000.spv

  g++ -g -std=c++17 lib/*.cpp VulkanAutomataGLFW.cpp -fconcepts -lglfw -lvulkan -o ./app/RunVulkanAutomataGLFW

  BEGIN ./app/RunVulkanAutomataGLFW

________________________________________________________________________________
 STAGE:	USER CONFIG
________________________________________________________________________________
 STAGE:	APPLICATION INIT
	info:	    Application Width ........................ [1024]
	info:	    Application Height ....................... [512]
	info:	    ei.load_pattern .......................... [18372]
	info:	0	Vertex Shaders ....................... [./app/vert_TriQuad.spv]
	info:	0	Fragment Shaders ..................... [./app/frag_automata0000.spv]
________________________________________________________________________________
 STAGE:	GLFW EXTENSIONS
     0:	1 	glfwInit                                       [GLFW]
     1:	1 	glfwVulkanSupported                            [GLFW]
  void: 	glfwGetRequiredInstanceExtensions
	info:	0	GLFW Extensions ...................... [VK_KHR_surface]
	info:	1	GLFW Extensions ...................... [VK_KHR_xcb_surface]
________________________________________________________________________________
 STAGE:	VULKAN EXTENSIONS
	info:	0	Instance Extensions .................. [VK_EXT_debug_utils]
	info:	1	Instance Extensions .................. [VK_KHR_surface]
	info:	2	Instance Extensions .................. [VK_KHR_xcb_surface]
	info:	0	Layer Extensions ..................... [VK_LAYER_KHRONOS_validation]
	info:	0	Logical Device Extensions ............ [VK_KHR_swapchain]
________________________________________________________________________________
 STAGE:	VULKAN INIT
     2:	-13 	init                                           [INIT]
     3:	  	vkCreateInstance                               [0x5562bcaee0d0]
________________________________________________________________________________
 STAGE:	DEBUG UTILS
  void: 	vkGetInstanceProcAddr
     4:	  	vkCreateDebugUtilsMessengerEXT                 [0xfd5b260000000001]
________________________________________________________________________________
 STAGE:	PHYSICAL DEVICE
MESA-INTEL: warning: Performance support disabled, consider sysctl dev.i915.perf_stream_paranoid=0

     5:	  	vkEnumeratePhysicalDevices                     [2]
     6:	  	vkEnumeratePhysicalDevices                     [0x7ffe5c8a7aa0]
  void: 	vkGetPhysicalDeviceProperties
	info:	0	Physical Devices ..................... [0x5562bd182790]
	info:	0	apiVersion ........................... [4202682]
	info:	0	driverVersion ........................ [2076901376]
	info:	0	deviceType ........................... [2]
	info:	0	deviceName ........................... [NVIDIA GeForce RTX 3080 Ti]
	info:	0	maxImageDimension2D .................. [32768]
	info:	0	maxPushConstantsSize ................. [256]
	info:	0	maxBoundDescriptorSets ............... [32]
	info:	0	maxFragmentInputComponents ........... [128]
	info:	0	maxFragmentOutputAttachments ......... [8]
	info:	0	maxComputeSharedMemorySize ........... [49152]
	info:	0	maxComputeWorkGroupInvocations ....... [1024]
	info:	0	maxViewports ......................... [16]
	info:	0	minMemoryMapAlignment ................ [64]
	info:	0	minUniformBufferOffsetAlignment ...... [64]
	info:	0	minTexelOffset ....................... [-8]
	info:	0	maxTexelOffset ....................... [7]
	info:	0	minTexelGatherOffset ................. [-32]
	info:	0	maxTexelGatherOffset ................. [31]
	info:	0	maxFramebufferWidth .................. [32768]
	info:	0	maxFramebufferHeight ................. [32768]
	info:	0	maxFramebufferLayers ................. [2048]
	info:	0	maxColorAttachments .................. [8]
  void: 	vkGetPhysicalDeviceFeatures
  void: 	vkGetPhysicalDeviceProperties
	info:	1	Physical Devices ..................... [0x5562bd182700]
	info:	1	apiVersion ........................... [4202678]
	info:	1	driverVersion ........................ [88088581]
	info:	1	deviceType ........................... [1]
	info:	1	deviceName ........................... [Intel(R) UHD Graphics 630 (CML GT2)]
	info:	1	maxImageDimension2D .................. [16384]
	info:	1	maxPushConstantsSize ................. [128]
	info:	1	maxBoundDescriptorSets ............... [8]
	info:	1	maxFragmentInputComponents ........... [116]
	info:	1	maxFragmentOutputAttachments ......... [8]
	info:	1	maxComputeSharedMemorySize ........... [65536]
	info:	1	maxComputeWorkGroupInvocations ....... [1792]
	info:	1	maxViewports ......................... [16]
	info:	1	minMemoryMapAlignment ................ [4096]
	info:	1	minUniformBufferOffsetAlignment ...... [64]
	info:	1	minTexelOffset ....................... [-8]
	info:	1	maxTexelOffset ....................... [7]
	info:	1	minTexelGatherOffset ................. [-32]
	info:	1	maxTexelGatherOffset ................. [31]
	info:	1	maxFramebufferWidth .................. [16384]
	info:	1	maxFramebufferHeight ................. [16384]
	info:	1	maxFramebufferLayers ................. [2048]
	info:	1	maxColorAttachments .................. [8]
  void: 	vkGetPhysicalDeviceFeatures
	info:	    PDev_Index ............................... [0]
	info:	    PDev_Index deviceType .................... [2]
  void: 	vkGetPhysicalDeviceMemoryProperties
	info:	    memoryTypeCount .......................... [11]
	info:	0	propertyFlags ........................ [0]
	info:	0	heapIndex ............................ [1]
	info:	1	propertyFlags ........................ [0]
	info:	1	heapIndex ............................ [1]
	info:	2	propertyFlags ........................ [0]
	info:	2	heapIndex ............................ [1]
	info:	3	propertyFlags ........................ [0]
	info:	3	heapIndex ............................ [1]
	info:	4	propertyFlags ........................ [0]
	info:	4	heapIndex ............................ [1]
	info:	5	propertyFlags ........................ [0]
	info:	5	heapIndex ............................ [1]
	info:	6	propertyFlags ........................ [0]
	info:	6	heapIndex ............................ [1]
	info:	7	propertyFlags ........................ [1]
	info:	7	heapIndex ............................ [0]
	info:	8	propertyFlags ........................ [6]
	info:	8	heapIndex ............................ [1]
	info:	9	propertyFlags ........................ [14]
	info:	9	heapIndex ............................ [1]
	info:	10	propertyFlags ........................ [7]
	info:	10	heapIndex ............................ [0]
	info:	    memoryHeapCount .......................... [2]
	info:	0	size ................................. [12884901888]
	info:	0	flags ................................ [1]
	info:	1	size ................................. [12434721792]
	info:	1	flags ................................ [0]
________________________________________________________________________________
 STAGE:	QUEUES
  void: 	vkGetPhysicalDeviceQueueFamilyProperties
	info:	    PDev Queue Family Props .................. [3]
  void: 	vkGetPhysicalDeviceQueueFamilyProperties
	info:	0	queueFlags ........................... [15]
	info:	0	queueCount ........................... [16]
	info:	1	queueFlags ........................... [12]
	info:	1	queueCount ........................... [2]
	info:	2	queueFlags ........................... [14]
	info:	2	queueCount ........................... [8]
	info:	    PDev_QFP_Index ........................... [0]
	info:	    PDev_QFP_Index queueFlags ................ [15]
	info:	    PDev_QFP_Index queueCount ................ [16]
________________________________________________________________________________
 STAGE:	GLFW VULKAN SURFACE
	info:	    glfwCreateWindow ......................... [0]
     7:	1 	glfwGetPhysicalDevicePresentationSupport       [GLFW]
     8:	  	glfwCreateWindowSurface                        [GLFW]
     9:	  	vkGetPhysicalDeviceSurfaceCapabilitiesKHR      [ARRAY]
	info:	    minImageCount ............................ [2]
	info:	    maxImageCount ............................ [8]
	info:	    currentExtent.width ...................... [1024]
	info:	    currentExtent.height ..................... [512]
	info:	    maxImageArrayLayers ...................... [1]
	info:	    supportedCompositeAlpha .................. [1]
	info:	    supportedUsageFlags ...................... [159]
    10:	  	vkGetPhysicalDeviceSurfaceFormatsKHR           [2]
    11:	  	vkGetPhysicalDeviceSurfaceFormatsKHR           [ARRAY]
	info:	0	vk_surface_format.format ............. [44]
	info:	0	vk_surface_format.colorSpace ......... [0]
	info:	1	vk_surface_format.format ............. [50]
	info:	1	vk_surface_format.colorSpace ......... [0]
    12:	  	vkGetPhysicalDeviceSurfaceSupportKHR           [0]
	info:	    Surface Supported ........................ [TRUE]
________________________________________________________________________________
 STAGE:	LOGICAL DEVICE
    13:	  	vkCreateDevice                                 [0x5562bd356410]
	info:	    VkDevice ................................. [0x5562bd356410]
________________________________________________________________________________
 STAGE:	SWAPCHAIN
    14:	  	vkCreateSwapchainKHR                           [0xfa21a40000000003]
    15:	  	vkGetSwapchainImagesKHR                        [2]
    16:	  	vkGetSwapchainImagesKHR                        [ARRAY]
	info:	0	Swapchain Image ...................... [0xf56c9b0000000004]
	info:	1	Swapchain Image ...................... [0xe7f79a0000000005]
________________________________________________________________________________
 STAGE:	WORK LAYER IMAGES
    17:	  	vkCreateImage                                  [0xf443490000000006]
  void: 	vkGetImageMemoryRequirements
	info:	0	vk_mem_reqs size ..................... [4194304]
	info:	0	vk_mem_reqs alignment ................ [1024]
	info:	0	vk_mem_reqs memoryTypeBits ........... [130]
	info:	0	memoryTypeIndex ...................... [7]
    18:	  	vkAllocateMemory                               [0xcb3ee80000000007]
    19:	  	vkBindImageMemory                              [0xf443490000000006]
    20:	  	vkCreateImage                                  [0xead9370000000008]
  void: 	vkGetImageMemoryRequirements
	info:	1	vk_mem_reqs size ..................... [4194304]
	info:	1	vk_mem_reqs alignment ................ [1024]
	info:	1	vk_mem_reqs memoryTypeBits ........... [130]
	info:	1	memoryTypeIndex ...................... [7]
    21:	  	vkAllocateMemory                               [0xee647e0000000009]
    22:	  	vkBindImageMemory                              [0xead9370000000008]
________________________________________________________________________________
 STAGE:	BLIT EXPORT IMAGE
    23:	  	vkCreateImage                                  [0xcfef35000000000a]
  void: 	vkGetImageMemoryRequirements
	info:	    vk_mem_reqs size ......................... [2097152]
	info:	    vk_mem_reqs alignment .................... [1024]
	info:	    vk_mem_reqs memoryTypeBits ............... [130]
	info:	    memoryTypeIndex .......................... [7]
    24:	  	vkAllocateMemory                               [0xec4bec000000000b]
    25:	  	vkBindImageMemory                              [0xcfef35000000000a]
________________________________________________________________________________
 STAGE:	BLIT EXPORT BUFFER
    26:	  	vkCreateBuffer                                 [0xe88693000000000c]
  void: 	vkGetBufferMemoryRequirements
	info:	    blit2buff size ........................... [2097152]
	info:	    blit2buff alignment ...................... [256]
	info:	    blit2buff memoryTypeBits ................. [1921]
	info:	    memoryTypeIndex .......................... [9]
    27:	  	vkAllocateMemory                               [0xcad092000000000d]
    28:	  	vkBindBufferMemory                             [0xe88693000000000c]
    29:	  	vkMapMemory                                    [0x7fc6e2ec8000]
________________________________________________________________________________
 STAGE:	SHADER DATA
  void: 	getShaderCodeInfo
  void: 	getShaderCodeInfo
	info:	0	Vert shaderFilename .................. [./app/vert_TriQuad.spv]
	info:	0	Vert shaderBytes ..................... [876]
	info:	0	Vert shaderBytesValid ................ [TRUE]
	info:	1	Vert shaderFilename .................. [./app/frag_automata0000.spv]
	info:	1	Vert shaderBytes ..................... [76444]
	info:	1	Vert shaderBytesValid ................ [TRUE]
    30:	  	vkCreateShaderModule                           [0x967dd1000000000e]
    31:	  	vkCreateShaderModule                           [0xe7e6d0000000000f]
________________________________________________________________________________
 STAGE:	RENDERPASS INFO
    32:	  	vkCreateSampler                                [0xd5b26f0000000010]
________________________________________________________________________________
 STAGE:	PIPELINE INFO
________________________________________________________________________________
 STAGE:	COMMAND BUFFERS
    33:	  	vkCreateCommandPool                            [0x980f360000000011]
    34:	  	vkAllocateCommandBuffers                       [0x5562be90d510]
    35:	  	vkCreateCommandPool                            [0xdcc8fd0000000012]
    36:	  	vkAllocateCommandBuffers                       [0x5562be8fb2d0]
    37:	  	vkCreateCommandPool                            [0xd175b40000000013]
    38:	  	vkAllocateCommandBuffers                       [0x5562be91afd0]
    39:	  	vkCreateCommandPool                            [0x9fde6b0000000014]
    40:	  	vkAllocateCommandBuffers                       [0x5562be8fe7f0]
    41:	  	vkCreateCommandPool                            [0xdd3a8a0000000015]
    42:	  	vkAllocateCommandBuffers                       [0x5562be8ff880]
    43:	  	vkCreateCommandPool                            [0xd897d90000000016]
    44:	  	vkAllocateCommandBuffers                       [0x5562be949010]
    45:	  	vkCreateCommandPool                            [0x84c0580000000017]
    46:	  	vkAllocateCommandBuffers                       [0x5562be94a0a0]
    47:	  	vkCreateCommandPool                            [0xd10d270000000018]
    48:	  	vkAllocateCommandBuffers                       [0x5562be94bf80]
    49:	  	vkCreateCommandPool                            [0x27d60e0000000019]
    50:	  	vkAllocateCommandBuffers                       [0x5562be941f50]
    51:	  	vkCreateCommandPool                            [0x95a125000000001a]
    52:	  	vkAllocateCommandBuffers                       [0x5562be725870]
    53:	  	vkCreateCommandPool                            [0xcb1c7c000000001b]
    54:	  	vkAllocateCommandBuffers                       [0x5562be912800]
    55:	  	vkCreateCommandPool                            [0x2cfba2000000001c]
    56:	  	vkAllocateCommandBuffers                       [0x5562be915fe0]
    57:	  	vkCreateCommandPool                            [0x908683000000001d]
    58:	  	vkAllocateCommandBuffers                       [0x5562be73adf0]
    59:	  	vkCreateCommandPool                            [0xcfcda0000000001e]
    60:	  	vkAllocateCommandBuffers                       [0x5562be73e260]
    61:	  	vkCreateCommandPool                            [0x2e2941000000001f]
    62:	  	vkAllocateCommandBuffers                       [0x5562be741610]
    63:	  	vkCreateCommandPool                            [0xab64de0000000020]
    64:	  	vkAllocateCommandBuffers                       [0x5562be744ac0]
    65:	  	vkCreateCommandPool                            [0xc4f3070000000021]
    66:	  	vkAllocateCommandBuffers                       [0x5562be84bdd0]
    67:	  	vkCreateCommandPool                            [0x301e6c0000000022]
    68:	  	vkAllocateCommandBuffers                       [0x5562be8505e0]
________________________________________________________________________________
 STAGE:	QUEUE SYNC
  void: 	vkGetDeviceQueue
    69:	  	vkCreateFence                                  [0xa7c5450000000023]
________________________________________________________________________________
 STAGE:	SWAPCHAIN SYNC
    70:	  	vkCreateSemaphore                              [0xb991fa0000000024]
    71:	  	vkCreateSemaphore                              [0x3a6cbb0000000025]
    72:	  	vkCreateSemaphore                              [0xa2eb680000000026]
  void: 	vkGetDeviceQueue
  void: 	vkGetDeviceQueue
________________________________________________________________________________
 STAGE:	WORK IMAGE VIEWS
    73:	  	vkCreateImageView                              [0xb097c90000000027]
    74:	  	vkCreateImageView                              [0x3fbcd60000000028]
________________________________________________________________________________
 STAGE:	RECORD WORK_INIT
    75:	  	vkBeginCommandBuffer                           [0]
  void: 	vkCmdPipelineBarrier
    76:	  	vkEndCommandBuffer                             [0]
    77:	  	vkBeginCommandBuffer                           [1]
  void: 	vkCmdPipelineBarrier
    78:	  	vkEndCommandBuffer                             [1]
________________________________________________________________________________
 STAGE:	SUBMIT WORK_INIT
  void: 	vkcombuf_work_init
    79:	  	vkQueueSubmit                                  [0]
  void: 	vkcombuf_work_init
    80:	  	vkQueueSubmit                                  [1]
________________________________________________________________________________
 STAGE:	WORK DESCRIPTOR SETS
	info:	    pool_info.maxSets ........................ [4]
    81:	  	vkCreateDescriptorSetLayout                    [0xb9181f0000000029]
    82:	  	vkCreateDescriptorPool                         [0xba7514000000002a]
    83:	  	vkAllocateDescriptorSets                       [0x2e2cd000000002b]
    84:	  	vkAllocateDescriptorSets                       [0xb12fb2000000002c]
________________________________________________________________________________
 STAGE:	WORK SAMPLER
________________________________________________________________________________
 STAGE:	WORK UNIFORM BUFFER
	info:	    UB32_64 size ............................. [256]
    85:	  	vkCreateBuffer                                 [0xa43473000000002d]
________________________________________________________________________________
 STAGE:	WORK DESCRIPTOR MEMORY
  void: 	vkGetBufferMemoryRequirements
	info:	    memreq size .............................. [256]
	info:	    memreq alignment ......................... [256]
	info:	    memreq memoryTypeBits .................... [1921]
	info:	    memoryTypeIndex .......................... [8]
    86:	  	vkAllocateMemory                               [0x980b0000000002e]
    87:	  	vkBindBufferMemory                             [0xa43473000000002d]
  void: 	vkUpdateDescriptorSets
  void: 	vkUpdateDescriptorSets
  void: 	vkUpdateDescriptorSets
  void: 	vkUpdateDescriptorSets
    88:	  	vkMapMemory                                    [0x7fc6e2e37e00]
________________________________________________________________________________
 STAGE:	WORK RENDER PASS
    89:	  	vkCreateRenderPass                             [0x4b7df1000000002f]
________________________________________________________________________________
 STAGE:	WORK FRAMEBUFFER
    90:	  	vkCreateFramebuffer                            [0xa21a4e0000000030]
    91:	  	vkCreateFramebuffer                            [0xea7170000000031]
________________________________________________________________________________
 STAGE:	WORK PIPELINE
    92:	  	vkCreatePipelineLayout                         [0x4fac1c0000000032]
    93:	  	vkCreateGraphicsPipelines                      [0xa808d50000000033]
________________________________________________________________________________
 STAGE:	RECORD WORK LOOP
    94:	  	vkBeginCommandBuffer                           [0]
  void: 	vkCmdBeginRenderPass
  void: 	vkCmdBindPipeline
  void: 	vkCmdBindDescriptorSets
  void: 	vkCmdDraw
  void: 	vkCmdEndRenderPass
    95:	  	vkEndCommandBuffer                             [0]
    96:	  	vkBeginCommandBuffer                           [1]
  void: 	vkCmdBeginRenderPass
  void: 	vkCmdBindPipeline
  void: 	vkCmdBindDescriptorSets
  void: 	vkCmdDraw
  void: 	vkCmdEndRenderPass
    97:	  	vkEndCommandBuffer                             [1]
________________________________________________________________________________
 STAGE:	IMGUI RENDER PASS
    98:	  	vkCreateRenderPass                             [0x2b424a0000000034]
________________________________________________________________________________
 STAGE:	IMGUI FRAMEBUFFER
    99:	  	vkCreateImageView                              [0x4295ab0000000035]
   100:	  	vkCreateImageView                              [0x9638f80000000036]
   101:	  	vkCreateFramebuffer                            [0x2723ba0000000037]
   102:	  	vkCreateFramebuffer                            [0x59f7450000000038]
________________________________________________________________________________
 STAGE:	BARRIERS
________________________________________________________________________________
 STAGE:	RECORD IMAGEDATA INIT
   103:	  	vkBeginCommandBuffer                           [0]
  void: 	vkCmdPipelineBarrier
   104:	  	vkEndCommandBuffer                             [0]
________________________________________________________________________________
 STAGE:	SUBMIT IMAGEDATA INIT
  void: 	vkcombuf_work_init
   105:	  	vkQueueSubmit                                  [0]
________________________________________________________________________________
 STAGE:	RECORD IMAGEDATA OUT
   106:	  	vkBeginCommandBuffer                           [0]
  void: 	vkCmdPipelineBarrier
  void: 	vkCmdBlitImage
  void: 	vkCmdPipelineBarrier
   107:	  	vkEndCommandBuffer                             [0]
   108:	  	vkBeginCommandBuffer                           [1]
  void: 	vkCmdPipelineBarrier
  void: 	vkCmdBlitImage
  void: 	vkCmdPipelineBarrier
   109:	  	vkEndCommandBuffer                             [1]
________________________________________________________________________________
 STAGE:	RECORD BLIT IMGUI OUT
   110:	  	vkBeginCommandBuffer                           [0]
  void: 	vkCmdPipelineBarrier
  void: 	vkCmdBlitImage
  void: 	vkCmdPipelineBarrier
   111:	  	vkEndCommandBuffer                             [0]
   112:	  	vkBeginCommandBuffer                           [1]
  void: 	vkCmdPipelineBarrier
  void: 	vkCmdBlitImage
  void: 	vkCmdPipelineBarrier
   113:	  	vkEndCommandBuffer                             [1]
________________________________________________________________________________
 STAGE:	RECORD BLIT2BUFF
   114:	  	vkBeginCommandBuffer                           [0]
  void: 	vkCmdPipelineBarrier
  void: 	vkCmdCopyImageToBuffer
  void: 	vkCmdPipelineBarrier
   115:	  	vkEndCommandBuffer                             [0]
________________________________________________________________________________
 STAGE:	RECORD PRES INIT
   116:	  	vkBeginCommandBuffer                           [0]
  void: 	vkCmdPipelineBarrier
   117:	  	vkEndCommandBuffer                             [0]
   118:	  	vkBeginCommandBuffer                           [1]
  void: 	vkCmdPipelineBarrier
   119:	  	vkEndCommandBuffer                             [1]
________________________________________________________________________________
 STAGE:	SUBMIT PRES INIT
  void: 	vkcombuf_pres_init
   120:	  	vkQueueSubmit                                  [0]
  void: 	vkcombuf_pres_init
   121:	  	vkQueueSubmit                                  [1]
________________________________________________________________________________
 STAGE:	RECORD PRES LOOP
   122:	  	vkBeginCommandBuffer                           [0]
  void: 	vkCmdPipelineBarrier
  void: 	vkCmdPipelineBarrier
  void: 	vkCmdBlitImage
  void: 	vkCmdPipelineBarrier
  void: 	vkCmdPipelineBarrier
   123:	  	vkEndCommandBuffer                             [0]
   124:	  	vkBeginCommandBuffer                           [1]
  void: 	vkCmdPipelineBarrier
  void: 	vkCmdPipelineBarrier
  void: 	vkCmdBlitImage
  void: 	vkCmdPipelineBarrier
  void: 	vkCmdPipelineBarrier
   125:	  	vkEndCommandBuffer                             [1]
   126:	  	vkBeginCommandBuffer                           [2]
  void: 	vkCmdPipelineBarrier
  void: 	vkCmdPipelineBarrier
  void: 	vkCmdBlitImage
  void: 	vkCmdPipelineBarrier
  void: 	vkCmdPipelineBarrier
   127:	  	vkEndCommandBuffer                             [2]
   128:	  	vkBeginCommandBuffer                           [3]
  void: 	vkCmdPipelineBarrier
  void: 	vkCmdPipelineBarrier
  void: 	vkCmdBlitImage
  void: 	vkCmdPipelineBarrier
  void: 	vkCmdPipelineBarrier
   129:	  	vkEndCommandBuffer                             [3]
________________________________________________________________________________
 STAGE:	SWAPCHAIN PRESENT INFO
________________________________________________________________________________
 STAGE:	DEAR IMGUI
	info:	    IMGUI Version ............................ [1]
  void: 	ImGui::CreateContext
  void: 	ImGui::StyleColorsDark
  void: 	ImGui::GetIO
  void: 	ImGui_ImplGlfw_InitForVulkan
   130:	  	vkCreateDescriptorPool                         [0x944a2c0000000039]
  void: 	ImGui_ImplVulkan_Init
   131:	  	vkCreateCommandPool                            [0x6612e40000000041]
   132:	  	vkAllocateCommandBuffers                       [0x5562be786130]
   133:	  	vkBeginCommandBuffer                           [0x5562be786130]
  void: 	ImGui_ImplVulkan_CreateFontsTexture
   134:	  	vkEndCommandBuffer                             [0x5562be786130]
  void: 	combuf_imgui
   135:	  	vkQueueSubmit                                  [0]
________________________________________________________________________________
 STAGE:	MAIN LOOP INIT
Welcome!
________________________________________________________________________________
 STAGE:	MAIN LOOP
	Load PCD256 Data Count: -1 / 10848

LOAD:
  PatternConfigData_256:
    3004447363, 2960563374, 1275055524, 831033836, 
    3349146621, 2101501589, 4106684748, 3334143362, 
    2904913003, 2899623133, 1336635844, 2629053572, 
    3192411957, 2185502072, 3417540059, 3218474038, 
    2054220142, 2978040251, 1991105235, 2700817717, 
    4166133147, 2086194139, 1593715627, 908289265, 
    3325806355, 2698046642, 94198304, 789645310, 
    3969320414, 1745386401, 2951966358, 3610359331, 
    3084887154, 1840753572, 118413839, 574118257, 
    811615525, 1597186704, 3096401663, 2652615516, 
    3226828519, 2934483458, 3589481104, 2471895979, 
    2886441825, 1241282554, 1964191771, 96304554, 
    0, 0, 0, 0, 
    0, 0, 0, 0, 
    0, 0, 0, 0, 
    0, 1040469373, 1121802382, 0, 


SAVE:
  PatternConfigData_256:
    3004447363, 2960563374, 1275055524, 831033836, 
    3349146621, 2101501589, 4106684748, 3334143362, 
    2904913003, 2899623133, 1336635844, 2629053572, 
    3192411957, 2185502072, 3417540059, 3218474038, 
    2054220142, 2978040251, 1991105235, 2700817717, 
    4166133147, 2086194139, 1593715627, 908289265, 
    3325806355, 2698046642, 94198304, 789645310, 
    3969320414, 1745386401, 2951966358, 3610359331, 
    3084887154, 1840753572, 118413839, 574118257, 
    811615525, 1597186704, 3096401663, 2652615516, 
    3226828519, 2934483458, 3589481104, 2471895979, 
    2886441825, 1241282554, 1964191771, 96304554, 
    0, 0, 0, 0, 
    0, 0, 0, 0, 
    0, 0, 0, 0, 
    0, 1040469373, 1121802382, 0, 

	info:	    IMGUI Build Time ......................... [290439 ns, 3443 FPS]
   136:	  	vkBeginCommandBuffer                           [0]
  void: 	vkCmdBeginRenderPass
  void: 	vkCmdEndRenderPass
  void: 	vkCmdPipelineBarrier
   137:	  	vkEndCommandBuffer                             [0]
   138:	  	vkBeginCommandBuffer                           [1]
  void: 	vkCmdBeginRenderPass
  void: 	vkCmdEndRenderPass
  void: 	vkCmdPipelineBarrier
   139:	  	vkEndCommandBuffer                             [1]
	info:	    Command Buffer Build Time ................ [295731 ns, 3381 FPS]
  void: 	memcpy
  void: 	vkcombuf_work
   140:	  	vkQueueSubmit                                  [0x7ffe5c8a9428]
   141:	  	vkAcquireNextImageKHR                          [0]
	info:	    swap_image_index ......................... [0]
  void: 	vkcombuf_pres
   142:	  	vkQueueSubmit                                  [0x7ffe5c8a6ab0]
  void: 	vkcombuf_IMGUI
   143:	  	vkQueueSubmit                                  [0x7ffe5c8a6d20]
   144:	  	vkWaitForFences <100ms>                        [0xa7c5450000000023]
	info:	    Work Queue Time .......................... [28751960 ns, 34 FPS]
   145:	  	vkResetFences                                  [0xa7c5450000000023]
   146:	  	vkQueuePresentKHR                              [0]
	info:	    Full Loop Time ........................... [32125017 ns, 31 FPS]
________________________________________________________________________________
 STAGE:	LOOP
	info:	    IMGUI Build Time ......................... [236826 ns, 4222 FPS]
   147:	  	vkBeginCommandBuffer                           [0]
  void: 	vkCmdBeginRenderPass
  void: 	vkCmdEndRenderPass
  void: 	vkCmdPipelineBarrier
   148:	  	vkEndCommandBuffer                             [0]
   149:	  	vkBeginCommandBuffer                           [1]
  void: 	vkCmdBeginRenderPass
  void: 	vkCmdEndRenderPass
  void: 	vkCmdPipelineBarrier
   150:	  	vkEndCommandBuffer                             [1]
	info:	    Command Buffer Build Time ................ [305690 ns, 3271 FPS]
  void: 	memcpy
  void: 	vkcombuf_work
   151:	  	vkQueueSubmit                                  [0x7ffe5c8a93c0]
   152:	  	vkAcquireNextImageKHR                          [1]
	info:	    swap_image_index ......................... [1]
  void: 	vkcombuf_pres
   153:	  	vkQueueSubmit                                  [0x7ffe5c8a6be8]
  void: 	vkcombuf_IMGUI
   154:	  	vkQueueSubmit                                  [0x7ffe5c8a6d88]
   155:	  	vkWaitForFences <100ms>                        [0xa7c5450000000023]
	info:	    Work Queue Time .......................... [179287 ns, 5577 FPS]
   156:	  	vkResetFences                                  [0xa7c5450000000023]
   157:	  	vkQueuePresentKHR                              [1]
	info:	    Full Loop Time ........................... [839285 ns, 1191 FPS]
________________________________________________________________________________
 STAGE:	LOOP
	info:	    IMGUI Build Time ......................... [105718 ns, 9459 FPS]
   158:	  	vkBeginCommandBuffer                           [0]
  void: 	vkCmdBeginRenderPass
  void: 	vkCmdEndRenderPass
  void: 	vkCmdPipelineBarrier
   159:	  	vkEndCommandBuffer                             [0]
   160:	  	vkBeginCommandBuffer                           [1]
  void: 	vkCmdBeginRenderPass
  void: 	vkCmdEndRenderPass
  void: 	vkCmdPipelineBarrier
   161:	  	vkEndCommandBuffer                             [1]
	info:	    Command Buffer Build Time ................ [116506 ns, 8583 FPS]
  void: 	memcpy
  void: 	vkcombuf_work
   162:	  	vkQueueSubmit                                  [0x7ffe5c8a9428]
   163:	  	vkAcquireNextImageKHR                          [0]
	info:	    swap_image_index ......................... [0]
  void: 	vkcombuf_pres
   164:	  	vkQueueSubmit                                  [0x7ffe5c8a6ab0]
  void: 	vkcombuf_IMGUI
   165:	  	vkQueueSubmit                                  [0x7ffe5c8a6d20]
   166:	  	vkWaitForFences <100ms>                        [0xa7c5450000000023]
	info:	    Work Queue Time .......................... [188456 ns, 5306 FPS]
   167:	  	vkResetFences                                  [0xa7c5450000000023]
   168:	  	vkQueuePresentKHR                              [0]
	info:	    Full Loop Time ........................... [518538 ns, 1928 FPS]
________________________________________________________________________________
 STAGE:	LOOP
	info:	    IMGUI Build Time ......................... [67381 ns, 14840 FPS]
   169:	  	vkBeginCommandBuffer                           [0]
  void: 	vkCmdBeginRenderPass
  void: 	vkCmdEndRenderPass
  void: 	vkCmdPipelineBarrier
   170:	  	vkEndCommandBuffer                             [0]
   171:	  	vkBeginCommandBuffer                           [1]
  void: 	vkCmdBeginRenderPass
  void: 	vkCmdEndRenderPass
  void: 	vkCmdPipelineBarrier
   172:	  	vkEndCommandBuffer                             [1]
	info:	    Command Buffer Build Time ................ [146490 ns, 6826 FPS]
  void: 	memcpy
  void: 	vkcombuf_work
   173:	  	vkQueueSubmit                                  [0x7ffe5c8a93c0]
   174:	  	vkAcquireNextImageKHR                          [1]
	info:	    swap_image_index ......................... [1]
  void: 	vkcombuf_pres
   175:	  	vkQueueSubmit                                  [0x7ffe5c8a6be8]
  void: 	vkcombuf_IMGUI
   176:	  	vkQueueSubmit                                  [0x7ffe5c8a6d88]
   177:	  	vkWaitForFences <100ms>                        [0xa7c5450000000023]
	info:	    Work Queue Time .......................... [187458 ns, 5334 FPS]
   178:	  	vkResetFences                                  [0xa7c5450000000023]
   179:	  	vkQueuePresentKHR                              [1]
	info:	    Full Loop Time ........................... [525412 ns, 1903 FPS]
________________________________________________________________________________
 STAGE:	LOOP
	info:	    IMGUI Build Time ......................... [147786 ns, 6766 FPS]
   180:	  	vkBeginCommandBuffer                           [0]
  void: 	vkCmdBeginRenderPass
  void: 	vkCmdEndRenderPass
  void: 	vkCmdPipelineBarrier
   181:	  	vkEndCommandBuffer                             [0]
   182:	  	vkBeginCommandBuffer                           [1]
  void: 	vkCmdBeginRenderPass
  void: 	vkCmdEndRenderPass
  void: 	vkCmdPipelineBarrier
   183:	  	vkEndCommandBuffer                             [1]
	info:	    Command Buffer Build Time ................ [121112 ns, 8256 FPS]
  void: 	memcpy
  void: 	vkcombuf_work
   184:	  	vkQueueSubmit                                  [0x7ffe5c8a9428]
   185:	  	vkAcquireNextImageKHR                          [0]
	info:	    swap_image_index ......................... [0]
  void: 	vkcombuf_pres
   186:	  	vkQueueSubmit                                  [0x7ffe5c8a6ab0]
  void: 	vkcombuf_IMGUI
   187:	  	vkQueueSubmit                                  [0x7ffe5c8a6d20]
   188:	  	vkWaitForFences <100ms>                        [0xa7c5450000000023]
	info:	    Work Queue Time .......................... [183212 ns, 5458 FPS]
   189:	  	vkResetFences                                  [0xa7c5450000000023]
   190:	  	vkQueuePresentKHR                              [0]
	info:	    Full Loop Time ........................... [554650 ns, 1802 FPS]
________________________________________________________________________________
 STAGE:	LOOP
	info:	    IMGUI Build Time ......................... [64111 ns, 15597 FPS]
   191:	  	vkBeginCommandBuffer                           [0]
  void: 	vkCmdBeginRenderPass
  void: 	vkCmdEndRenderPass
  void: 	vkCmdPipelineBarrier
   192:	  	vkEndCommandBuffer                             [0]
   193:	  	vkBeginCommandBuffer                           [1]
  void: 	vkCmdBeginRenderPass
  void: 	vkCmdEndRenderPass
  void: 	vkCmdPipelineBarrier
   194:	  	vkEndCommandBuffer                             [1]
	info:	    Command Buffer Build Time ................ [104611 ns, 9559 FPS]
  void: 	memcpy
  void: 	vkcombuf_work
   195:	  	vkQueueSubmit                                  [0x7ffe5c8a93c0]
   196:	  	vkAcquireNextImageKHR                          [1]
	info:	    swap_image_index ......................... [1]
  void: 	vkcombuf_pres
   197:	  	vkQueueSubmit                                  [0x7ffe5c8a6be8]
  void: 	vkcombuf_IMGUI
   198:	  	vkQueueSubmit                                  [0x7ffe5c8a6d88]
   199:	  	vkWaitForFences <100ms>                        [0xa7c5450000000023]
	info:	    Work Queue Time .......................... [165681 ns, 6035 FPS]
   200:	  	vkResetFences                                  [0xa7c5450000000023]
   201:	  	vkQueuePresentKHR                              [1]
	info:	    Full Loop Time ........................... [416047 ns, 2403 FPS]
________________________________________________________________________________
 STAGE:	LOOP
	info:	    IMGUI Build Time ......................... [64111 ns, 15597 FPS]
   202:	  	vkBeginCommandBuffer                           [0]
  void: 	vkCmdBeginRenderPass
  void: 	vkCmdEndRenderPass
  void: 	vkCmdPipelineBarrier
   203:	  	vkEndCommandBuffer                             [0]
   204:	  	vkBeginCommandBuffer                           [1]
  void: 	vkCmdBeginRenderPass
  void: 	vkCmdEndRenderPass
  void: 	vkCmdPipelineBarrier
   205:	  	vkEndCommandBuffer                             [1]
	info:	    Command Buffer Build Time ................ [88667 ns, 11278 FPS]
  void: 	memcpy
  void: 	vkcombuf_work
   206:	  	vkQueueSubmit                                  [0x7ffe5c8a9428]
   207:	  	vkAcquireNextImageKHR                          [0]
	info:	    swap_image_index ......................... [0]
  void: 	vkcombuf_pres
   208:	  	vkQueueSubmit                                  [0x7ffe5c8a6ab0]
  void: 	vkcombuf_IMGUI
   209:	  	vkQueueSubmit                                  [0x7ffe5c8a6d20]
   210:	  	vkWaitForFences <100ms>                        [0xa7c5450000000023]
	info:	    Work Queue Time .......................... [164949 ns, 6062 FPS]
   211:	  	vkResetFences                                  [0xa7c5450000000023]
   212:	  	vkQueuePresentKHR                              [0]
	info:	    Full Loop Time ........................... [382804 ns, 2612 FPS]
________________________________________________________________________________
 STAGE:	LOOP
	info:	    IMGUI Build Time ......................... [62918 ns, 15893 FPS]
   213:	  	vkBeginCommandBuffer                           [0]
  void: 	vkCmdBeginRenderPass
  void: 	vkCmdEndRenderPass
  void: 	vkCmdPipelineBarrier
   214:	  	vkEndCommandBuffer                             [0]
   215:	  	vkBeginCommandBuffer                           [1]
  void: 	vkCmdBeginRenderPass
  void: 	vkCmdEndRenderPass
  void: 	vkCmdPipelineBarrier
   216:	  	vkEndCommandBuffer                             [1]
	info:	    Command Buffer Build Time ................ [88127 ns, 11347 FPS]
  void: 	memcpy
  void: 	vkcombuf_work
   217:	  	vkQueueSubmit                                  [0x7ffe5c8a93c0]
   218:	  	vkAcquireNextImageKHR                          [1]
	info:	    swap_image_index ......................... [1]
  void: 	vkcombuf_pres
   219:	  	vkQueueSubmit                                  [0x7ffe5c8a6be8]
  void: 	vkcombuf_IMGUI
   220:	  	vkQueueSubmit                                  [0x7ffe5c8a6d88]
   221:	  	vkWaitForFences <100ms>                        [0xa7c5450000000023]
	info:	    Work Queue Time .......................... [166265 ns, 6014 FPS]
   222:	  	vkResetFences                                  [0xa7c5450000000023]
   223:	  	vkQueuePresentKHR                              [1]
	info:	    Full Loop Time ........................... [2586787 ns, 386 FPS]
________________________________________________________________________________
 STAGE:	LOOP
	info:	    IMGUI Build Time ......................... [71929 ns, 13902 FPS]
   224:	  	vkBeginCommandBuffer                           [0]
  void: 	vkCmdBeginRenderPass
  void: 	vkCmdEndRenderPass
  void: 	vkCmdPipelineBarrier
   225:	  	vkEndCommandBuffer                             [0]
   226:	  	vkBeginCommandBuffer                           [1]
  void: 	vkCmdBeginRenderPass
  void: 	vkCmdEndRenderPass
  void: 	vkCmdPipelineBarrier
   227:	  	vkEndCommandBuffer                             [1]
	info:	    Command Buffer Build Time ................ [100574 ns, 9942 FPS]
  void: 	memcpy
  void: 	vkcombuf_work
   228:	  	vkQueueSubmit                                  [0x7ffe5c8a9428]
   229:	  	vkAcquireNextImageKHR                          [0]
	info:	    swap_image_index ......................... [0]
  void: 	vkcombuf_pres
   230:	  	vkQueueSubmit                                  [0x7ffe5c8a6ab0]
  void: 	vkcombuf_IMGUI
   231:	  	vkQueueSubmit                                  [0x7ffe5c8a6d20]
   232:	  	vkWaitForFences <100ms>                        [0xa7c5450000000023]
	info:	    Work Queue Time .......................... [175799 ns, 5688 FPS]
   233:	  	vkResetFences                                  [0xa7c5450000000023]
   234:	  	vkQueuePresentKHR                              [0]
	info:	    Full Loop Time ........................... [420450 ns, 2378 FPS]
________________________________________________________________________________
 STAGE:	LOOP
	info:	    IMGUI Build Time ......................... [65895 ns, 15175 FPS]
   235:	  	vkBeginCommandBuffer                           [0]
  void: 	vkCmdBeginRenderPass
  void: 	vkCmdEndRenderPass
  void: 	vkCmdPipelineBarrier
   236:	  	vkEndCommandBuffer                             [0]
   237:	  	vkBeginCommandBuffer                           [1]
  void: 	vkCmdBeginRenderPass
  void: 	vkCmdEndRenderPass
  void: 	vkCmdPipelineBarrier
   238:	  	vkEndCommandBuffer                             [1]
	info:	    Command Buffer Build Time ................ [94218 ns, 10613 FPS]
  void: 	memcpy
  void: 	vkcombuf_work
   239:	  	vkQueueSubmit                                  [0x7ffe5c8a93c0]
   240:	  	vkAcquireNextImageKHR                          [1]
	info:	    swap_image_index ......................... [1]
  void: 	vkcombuf_pres
   241:	  	vkQueueSubmit                                  [0x7ffe5c8a6be8]
  void: 	vkcombuf_IMGUI
   242:	  	vkQueueSubmit                                  [0x7ffe5c8a6d88]
   243:	  	vkWaitForFences <100ms>                        [0xa7c5450000000023]
	info:	    Work Queue Time .......................... [167626 ns, 5965 FPS]
   244:	  	vkResetFences                                  [0xa7c5450000000023]
   245:	  	vkQueuePresentKHR                              [1]
	info:	    Full Loop Time ........................... [394310 ns, 2536 FPS]
________________________________________________________________________________
 STAGE:	LOOP
	info:	    IMGUI Build Time ......................... [65265 ns, 15322 FPS]
   246:	  	vkBeginCommandBuffer                           [0]
  void: 	vkCmdBeginRenderPass
  void: 	vkCmdEndRenderPass
  void: 	vkCmdPipelineBarrier
   247:	  	vkEndCommandBuffer                             [0]
   248:	  	vkBeginCommandBuffer                           [1]
  void: 	vkCmdBeginRenderPass
  void: 	vkCmdEndRenderPass
  void: 	vkCmdPipelineBarrier
   249:	  	vkEndCommandBuffer                             [1]
	info:	    Command Buffer Build Time ................ [91957 ns, 10874 FPS]
  void: 	memcpy
  void: 	vkcombuf_work
   250:	  	vkQueueSubmit                                  [0x7ffe5c8a9428]
   251:	  	vkAcquireNextImageKHR                          [0]
	info:	    swap_image_index ......................... [0]
  void: 	vkcombuf_pres
   252:	  	vkQueueSubmit                                  [0x7ffe5c8a6ab0]
  void: 	vkcombuf_IMGUI
   253:	  	vkQueueSubmit                                  [0x7ffe5c8a6d20]
   254:	  	vkWaitForFences <100ms>                        [0xa7c5450000000023]
	info:	    Work Queue Time .......................... [169235 ns, 5908 FPS]
   255:	  	vkResetFences                                  [0xa7c5450000000023]
   256:	  	vkQueuePresentKHR                              [0]
	info:	    Full Loop Time ........................... [393489 ns, 2541 FPS]
________________________________________________________________________________
 STAGE:	LOOP
	info:	    IMGUI Build Time ......................... [64941 ns, 15398 FPS]
   257:	  	vkBeginCommandBuffer                           [0]
  void: 	vkCmdBeginRenderPass
  void: 	vkCmdEndRenderPass
  void: 	vkCmdPipelineBarrier
   258:	  	vkEndCommandBuffer                             [0]
   259:	  	vkBeginCommandBuffer                           [1]
  void: 	vkCmdBeginRenderPass
  void: 	vkCmdEndRenderPass
  void: 	vkCmdPipelineBarrier
   260:	  	vkEndCommandBuffer                             [1]
	info:	    Command Buffer Build Time ................ [89855 ns, 11129 FPS]
  void: 	memcpy
  void: 	vkcombuf_work
   261:	  	vkQueueSubmit                                  [0x7ffe5c8a93c0]
   262:	  	vkAcquireNextImageKHR                          [1]
	info:	    swap_image_index ......................... [1]
  void: 	vkcombuf_pres
   263:	  	vkQueueSubmit                                  [0x7ffe5c8a6be8]
  void: 	vkcombuf_IMGUI
   264:	  	vkQueueSubmit                                  [0x7ffe5c8a6d88]
   265:	  	vkWaitForFences <100ms>                        [0xa7c5450000000023]
	info:	    Work Queue Time .......................... [167490 ns, 5970 FPS]
   266:	  	vkResetFences                                  [0xa7c5450000000023]
   267:	  	vkQueuePresentKHR                              [1]
	info:	    Full Loop Time ........................... [386908 ns, 2584 FPS]
________________________________________________________________________________
 STAGE:	LOOP
	info:	    IMGUI Build Time ......................... [65769 ns, 15204 FPS]
   268:	  	vkBeginCommandBuffer                           [0]
  void: 	vkCmdBeginRenderPass
  void: 	vkCmdEndRenderPass
  void: 	vkCmdPipelineBarrier
   269:	  	vkEndCommandBuffer                             [0]
   270:	  	vkBeginCommandBuffer                           [1]
  void: 	vkCmdBeginRenderPass
  void: 	vkCmdEndRenderPass
  void: 	vkCmdPipelineBarrier
   271:	  	vkEndCommandBuffer                             [1]
	info:	    Command Buffer Build Time ................ [89798 ns, 11136 FPS]
  void: 	memcpy
  void: 	vkcombuf_work
   272:	  	vkQueueSubmit                                  [0x7ffe5c8a9428]
   273:	  	vkAcquireNextImageKHR                          [0]
	info:	    swap_image_index ......................... [0]
  void: 	vkcombuf_pres
   274:	  	vkQueueSubmit                                  [0x7ffe5c8a6ab0]
  void: 	vkcombuf_IMGUI
   275:	  	vkQueueSubmit                                  [0x7ffe5c8a6d20]
   276:	  	vkWaitForFences <100ms>                        [0xa7c5450000000023]
	info:	    Work Queue Time .......................... [166822 ns, 5994 FPS]
   277:	  	vkResetFences                                  [0xa7c5450000000023]
   278:	  	vkQueuePresentKHR                              [0]
________________________________________________________________________________
 STAGE:	LOOP
	info:	    Full Loop Time ........................... [468592 ns, 2134 FPS]
	info:	    Full Loop Time ........................... [367475 ns, 2721 FPS]
	info:	    Full Loop Time ........................... [333820 ns, 2995 FPS]
	info:	    Full Loop Time ........................... [318282 ns, 3141 FPS]
	Load PCD256 Data Count: -1 / 175317

LOAD:
  PatternConfigData_256:
    3004447363, 2960563374, 1275055524, 831033836, 
    3349146621, 2101501589, 4106684748, 3334143362, 
    2904913003, 2899623133, 1336635844, 2629053572, 
    3192411957, 2185502072, 3417540059, 3218474038, 
    2054220142, 2978040251, 1991105235, 2700817717, 
    4166133147, 2086194139, 1593715627, 908289265, 
    3325806355, 2698046642, 94198304, 789645310, 
    3969320414, 1745386401, 2951966358, 3610359331, 
    3084887154, 1840753572, 118413839, 574118257, 
    811615525, 1597186704, 3096401663, 2652615516, 
    3226828519, 2934483458, 3589481104, 2471895979, 
    2886441825, 1241282554, 1964191771, 96304554, 
    0, 0, 0, 0, 
    0, 0, 0, 0, 
    0, 0, 0, 0, 
    0, 1040469373, 1121802382, 0, 


SAVE:
  PatternConfigData_256:
    3004447363, 2960563374, 1275055524, 831033836, 
    3349146621, 2101501589, 4106684748, 3334135170, 
    2904913003, 2899623133, 1336635844, 2629053572, 
    3192411957, 2187599224, 3417540059, 3218474038, 
    2054220142, 2978040251, 1991105235, 2700817717, 
    4166133147, 2086194139, 1593716651, 908289137, 
    1178322707, 2698046642, 94198304, 789645310, 
    3969320414, 1745386401, 2951835286, 3610359331, 
    3084887162, 1840753444, 118414095, 574101873, 
    811623717, 1605575312, 3103741695, 2656809820, 
    3226828519, 2934483458, 3723698832, 2471895979, 
    2886441825, 1241282554, 1964191771, 96304554, 
    0, 0, 0, 0, 
    0, 0, 0, 0, 
    0, 0, 0, 0, 
    0, 1040469373, 1121802382, 0, 

	info:	    Full Loop Time ........................... [324742 ns, 3079 FPS]
	info:	    Full Loop Time ........................... [16624390 ns, 60 FPS]
	Load PCD256 Data Count: -2 / 175318

LOAD:
  PatternConfigData_256:
    3004447363, 2960563374, 1275055524, 831033836, 
    3349146621, 2101501589, 4106684748, 3334143362, 
    2904913003, 2899623133, 1336635844, 2629053572, 
    3192411957, 2185502072, 3417540059, 3218474038, 
    2054220142, 2978040251, 1991105235, 2700817717, 
    4166133147, 2086194139, 1593715627, 908289265, 
    3325806355, 2698046642, 94198304, 789645310, 
    3969320414, 1745386401, 2951966358, 3610359331, 
    3084887154, 1840753572, 118413839, 574118257, 
    811615525, 1597186704, 3096401663, 2652615516, 
    3226828519, 2934483458, 3589481104, 2471895979, 
    2886441825, 1241282554, 1964191771, 96304554, 
    0, 0, 0, 0, 
    0, 0, 0, 0, 
    0, 0, 0, 0, 
    0, 1040469373, 1121802382, 0, 


SAVE:
  PatternConfigData_256:
    3004447363, 2960563374, 1342099364, 831033836, 
    3349146621, 2101501589, 4240902476, 3334143362, 
    2904913003, 2899623133, 1336635844, 2629053572, 
    3192411957, 2185502064, 3383985627, 3218474038, 
    980478318, 2978040251, 1991105235, 2700817717, 
    4166133147, 2086194139, 1593715627, 908289265, 
    3292253971, 2698046514, 94198304, 2937128959, 
    3969320412, 1745386401, 2951966358, 3610359331, 
    4158596210, 1840753572, 4279163407, 574118257, 
    811615525, 1597186704, 3096385279, 2654712668, 
    3226828519, 2934483458, 3589481104, 2471895979, 
    2886441825, 167539706, 1964191771, 95780266, 
    0, 0, 0, 0, 
    0, 0, 0, 0, 
    0, 0, 0, 0, 
    0, 1040469373, 1121802382, 0, 

	info:	    Full Loop Time ........................... [16512969 ns, 60 FPS]
	Load PCD256 Data Count: -3 / 175319

LOAD:
  PatternConfigData_256:
    3004447363, 2960563374, 1275055524, 831033836, 
    3349146621, 2101501589, 4106684748, 3334143362, 
    2904913003, 2899623133, 1336635844, 2629053572, 
    3192411957, 2185502072, 3417540059, 3218474038, 
    2054220142, 2978040251, 1991105235, 2700817717, 
    4166133147, 2086194139, 1593715627, 908289265, 
    3325806355, 2698046642, 94198304, 789645310, 
    3969320414, 1745386401, 2951966358, 3610359331, 
    3084887154, 1840753572, 118413839, 574118257, 
    811615525, 1597186704, 3096401663, 2652615516, 
    3226828519, 2934483458, 3589481104, 2471895979, 
    2886441825, 1241282554, 1964191771, 96304554, 
    0, 0, 0, 0, 
    0, 0, 0, 0, 
    0, 0, 0, 0, 
    0, 1040469373, 1121802382, 0, 


SAVE:
  PatternConfigData_256:
    3004447363, 2960563374, 1275055524, 2979566572, 
    3349146621, 2101501589, 4106684748, 3334143362, 
    2904913003, 2899623133, 1336635844, 2626956420, 
    3192411957, 2185502072, 3417408987, 3218474038, 
    2054220142, 2978040251, 1991105235, 2700817717, 
    4166395803, 2086194139, 1593715627, 908289265, 
    3325282067, 2698046642, 94198304, 789645310, 
    3969322462, 1745386273, 2951966358, 3610359331, 
    3084887154, 1840769956, 118413327, 574118257, 
    812664613, 1597186704, 3097384703, 2652615516, 
    3226566375, 2934483458, 3589481104, 2471895979, 
    738958113, 1241282554, 1964191771, 96304554, 
    0, 0, 0, 0, 
    0, 0, 0, 0, 
    0, 0, 0, 0, 
    0, 1040469373, 1121802382, 0, 

	info:	    Full Loop Time ........................... [16876811 ns, 59 FPS]
	Load PCD256 Data Count: -4 / 175320

LOAD:
  PatternConfigData_256:
    3004447363, 2960563374, 1275055524, 831033836, 
    3349146621, 2101501589, 4106684748, 3334143362, 
    2904913003, 2899623133, 1336635844, 2629053572, 
    3192411957, 2185502072, 3417540059, 3218474038, 
    2054220142, 2978040251, 1991105235, 2700817717, 
    4166133147, 2086194139, 1593715627, 908289265, 
    3325806355, 2698046642, 94198304, 789645310, 
    3969320414, 1745386401, 2951966358, 3610359331, 
    3084887154, 1840753572, 118413839, 574118257, 
    811615525, 1597186704, 3096401663, 2652615516, 
    3226828519, 2934483458, 3589481104, 2471895979, 
    2886441825, 1241282554, 1964191771, 96304554, 
    0, 0, 0, 0, 
    0, 0, 0, 0, 
    0, 0, 0, 0, 
    0, 1040469373, 1121802382, 0, 


SAVE:
  PatternConfigData_256:
    3004447363, 2960563246, 1275055524, 831033836, 
    3349146621, 2101501589, 4106684748, 3334143394, 
    2837803115, 2891234525, 1336635844, 2629053572, 
    3192411957, 2187599736, 3417540059, 3218474038, 
    2054220142, 2978040251, 1991105235, 2700817717, 
    4168234395, 1012452315, 1593715627, 908289265, 
    3324757779, 2700143794, 94198304, 789645310, 
    3969320414, 1745386401, 2951966358, 3610359331, 
    3084887154, 1840753572, 118413835, 574118256, 
    811617573, 1597186704, 3096401663, 2652615516, 
    3226828519, 2934483458, 3589481104, 2470847403, 
    2894830433, 1241282554, 1964191771, 95813034, 
    0, 0, 0, 0, 
    0, 0, 0, 0, 
    0, 0, 0, 0, 
    0, 1040469373, 1121802382, 0, 

	info:	    Full Loop Time ........................... [312523 ns, 3199 FPS]
	Load PCD256 Data Count: -5 / 175321

LOAD:
  PatternConfigData_256:
    3004447363, 2960563374, 1275055524, 831033836, 
    3349146621, 2101501589, 4106684748, 3334143362, 
    2904913003, 2899623133, 1336635844, 2629053572, 
    3192411957, 2185502072, 3417540059, 3218474038, 
    2054220142, 2978040251, 1991105235, 2700817717, 
    4166133147, 2086194139, 1593715627, 908289265, 
    3325806355, 2698046642, 94198304, 789645310, 
    3969320414, 1745386401, 2951966358, 3610359331, 
    3084887154, 1840753572, 118413839, 574118257, 
    811615525, 1597186704, 3096401663, 2652615516, 
    3226828519, 2934483458, 3589481104, 2471895979, 
    2886441825, 1241282554, 1964191771, 96304554, 
    0, 0, 0, 0, 
    0, 0, 0, 0, 
    0, 0, 0, 0, 
    0, 1040469373, 1121802382, 0, 


SAVE:
  PatternConfigData_256:
    3004447379, 2960563374, 1275055524, 2978533868, 
    1201662973, 2101501589, 4106684748, 3334143362, 
    4247090283, 2899623133, 1336635844, 2633247876, 
    3192444725, 2185567608, 3417540059, 3218474038, 
    2054220142, 2978040251, 1982716627, 2700817717, 
    4166133147, 2086325211, 1593715627, 908289265, 
    3325806355, 2698046642, 94198304, 789645310, 
    3902211550, 1745386401, 2951966358, 3610293795, 
    3084887154, 1840753444, 118413839, 574118257, 
    933250309, 1597186704, 3096401663, 2656809820, 
    3226828519, 2800265730, 3589481104, 2471895979, 
    2886441825, 1778153466, 1964191771, 96304554, 
    0, 0, 0, 0, 
    0, 0, 0, 0, 
    0, 0, 0, 0, 
    0, 1040469373, 1121802382, 0, 

	Load PCD256 Data Count: -6 / 175322

LOAD:
  PatternConfigData_256:
    3004447363, 2960563374, 1275055524, 831033836, 
    3349146621, 2101501589, 4106684748, 3334143362, 
    2904913003, 2899623133, 1336635844, 2629053572, 
    3192411957, 2185502072, 3417540059, 3218474038, 
    2054220142, 2978040251, 1991105235, 2700817717, 
    4166133147, 2086194139, 1593715627, 908289265, 
    3325806355, 2698046642, 94198304, 789645310, 
    3969320414, 1745386401, 2951966358, 3610359331, 
    3084887154, 1840753572, 118413839, 574118257, 
    811615525, 1597186704, 3096401663, 2652615516, 
    3226828519, 2934483458, 3589481104, 2471895979, 
    2886441825, 1241282554, 1964191771, 96304554, 
    0, 0, 0, 0, 
    0, 0, 0, 0, 
    0, 0, 0, 0, 
    0, 1040469373, 1121802382, 0, 


SAVE:
  PatternConfigData_256:
    3004447363, 2960563374, 1140837796, 1904775660, 
    3349146621, 2101501589, 4106684748, 3334143362, 
    2904913003, 2899623133, 1336635844, 2629053572, 
    3192411957, 2202279288, 3417540059, 3218474038, 
    2054220142, 2978040251, 1991105235, 2700817717, 
    4169115035, 2086177755, 1593715627, 908289265, 
    3325806355, 2700668082, 94194208, 789645310, 
    3969320414, 1745386401, 2951966358, 3610359331, 
    3084887162, 1840753572, 118413839, 574118257, 
    811615525, 1597186704, 3098498815, 2652615516, 
    3226828519, 2934483458, 3589481104, 2471895979, 
    2886441825, 1241282554, 1964191899, 96304554, 
    0, 0, 0, 0, 
    0, 0, 0, 0, 
    0, 0, 0, 0, 
    0, 1040469373, 1121802382, 0, 

	info:	    Full Loop Time ........................... [17046132 ns, 58 FPS]
	info:	    Full Loop Time ........................... [16645960 ns, 60 FPS]
	info:	    Full Loop Time ........................... [16679616 ns, 59 FPS]
	info:	    Full Loop Time ........................... [312114 ns, 3203 FPS]
	Load PCD256 Data Count: -7 / 175323

LOAD:
  PatternConfigData_256:
    3004447363, 2960563374, 1275055524, 831033836, 
    3349146621, 2101501589, 4106684748, 3334143362, 
    2904913003, 2899623133, 1336635844, 2629053572, 
    3192411957, 2185502072, 3417540059, 3218474038, 
    2054220142, 2978040251, 1991105235, 2700817717, 
    4166133147, 2086194139, 1593715627, 908289265, 
    3325806355, 2698046642, 94198304, 789645310, 
    3969320414, 1745386401, 2951966358, 3610359331, 
    3084887154, 1840753572, 118413839, 574118257, 
    811615525, 1597186704, 3096401663, 2652615516, 
    3226828519, 2934483458, 3589481104, 2471895979, 
    2886441825, 1241282554, 1964191771, 96304554, 
    0, 0, 0, 0, 
    0, 0, 0, 0, 
    0, 0, 0, 0, 
    0, 1040469373, 1121802382, 0, 


SAVE:
  PatternConfigData_256:
    3004447363, 2960563374, 1275055524, 965251564, 
    3886017533, 2101501589, 4106684748, 3334143362, 
    2904913003, 2899623133, 1336637892, 3702795392, 
    3192410933, 2185502074, 3417802203, 3218474038, 
    2054211950, 2978040251, 1991103187, 2700850485, 
    4166137243, 2081999835, 1593715627, 908289265, 
    3325806355, 2698046642, 94198304, 789645310, 
    3969320414, 1745648545, 2951966614, 3610359331, 
    3084887154, 1840753572, 118413839, 574118257, 
    811615525, 1597121168, 3129956095, 2652615516, 
    3226828519, 2934483458, 3589481106, 2471900075, 
    2886441825, 1241282554, 1964191771, 96304554, 
    0, 0, 0, 0, 
    0, 0, 0, 0, 
    0, 0, 0, 0, 
    0, 1040469373, 1121802382, 0, 

	info:	    Full Loop Time ........................... [328342 ns, 3045 FPS]
	Load PCD256 Data Count: -8 / 175324

LOAD:
  PatternConfigData_256:
    3004447363, 2960563374, 1275055524, 831033836, 
    3349146621, 2101501589, 4106684748, 3334143362, 
    2904913003, 2899623133, 1336635844, 2629053572, 
    3192411957, 2185502072, 3417540059, 3218474038, 
    2054220142, 2978040251, 1991105235, 2700817717, 
    4166133147, 2086194139, 1593715627, 908289265, 
    3325806355, 2698046642, 94198304, 789645310, 
    3969320414, 1745386401, 2951966358, 3610359331, 
    3084887154, 1840753572, 118413839, 574118257, 
    811615525, 1597186704, 3096401663, 2652615516, 
    3226828519, 2934483458, 3589481104, 2471895979, 
    2886441825, 1241282554, 1964191771, 96304554, 
    0, 0, 0, 0, 
    0, 0, 0, 0, 
    0, 0, 0, 0, 
    0, 1040469373, 1121802382, 0, 


SAVE:
  PatternConfigData_256:
    3004447363, 2960563374, 1275055588, 831033836, 
    3349146621, 2101501589, 4106684748, 3334143362, 
    2904913003, 2899623133, 1336635844, 2629053572, 
    3192411957, 2185502072, 3417539995, 3218474038, 
    2055137774, 2978040251, 1991105235, 2700817717, 
    4166133147, 2086194139, 1593715627, 925066481, 
    3325806355, 2966482098, 94198304, 789645310, 
    3969320414, 1745386465, 2951965846, 3610359395, 
    2548016242, 1840753572, 118413839, 574183793, 
    811615525, 1462968976, 3096336127, 2652615516, 
    3486875367, 2934483458, 3589481108, 2471895975, 
    2886441825, 1241282554, 1964191771, 1170046378, 
    0, 0, 0, 0, 
    0, 0, 0, 0, 
    0, 0, 0, 0, 
    0, 1040469373, 1121802382, 0, 

	Load PCD256 Data Count: -9 / 175325

LOAD:
  PatternConfigData_256:
    3004447363, 2960563374, 1275055524, 831033836, 
    3349146621, 2101501589, 4106684748, 3334143362, 
    2904913003, 2899623133, 1336635844, 2629053572, 
    3192411957, 2185502072, 3417540059, 3218474038, 
    2054220142, 2978040251, 1991105235, 2700817717, 
    4166133147, 2086194139, 1593715627, 908289265, 
    3325806355, 2698046642, 94198304, 789645310, 
    3969320414, 1745386401, 2951966358, 3610359331, 
    3084887154, 1840753572, 118413839, 574118257, 
    811615525, 1597186704, 3096401663, 2652615516, 
    3226828519, 2934483458, 3589481104, 2471895979, 
    2886441825, 1241282554, 1964191771, 96304554, 
    0, 0, 0, 0, 
    0, 0, 0, 0, 
    0, 0, 0, 0, 
    0, 1040469373, 1121802382, 0, 


SAVE:
  PatternConfigData_256:
    3004447363, 2960563374, 1275055524, 831033836, 
    3349146621, 2101501589, 4106684748, 3334143426, 
    2904913003, 2899635421, 1336619468, 2629053572, 
    3192411957, 2185502072, 3417540059, 3218474166, 
    2054220142, 2978040251, 1991105235, 2700817717, 
    4166133147, 2086194131, 1593715627, 909337841, 
    3325806355, 2698046642, 94198304, 789645310, 
    3969320414, 1745382305, 2951966358, 3610358307, 
    3084878962, 1840753572, 118413839, 574118257, 
    811615525, 1328751248, 3113178879, 2652615516, 
    3226828519, 2934483458, 3589481104, 2480284591, 
    2886441825, 1241282554, 1897082907, 96304554, 
    0, 0, 0, 0, 
    0, 0, 0, 0, 
    0, 0, 0, 0, 
    0, 1040469373, 1121802382, 0, 

	Load PCD256 Data Count: -10 / 175326

LOAD:
  PatternConfigData_256:
    3004447363, 2960563374, 1275055524, 831033836, 
    3349146621, 2101501589, 4106684748, 3334143362, 
    2904913003, 2899623133, 1336635844, 2629053572, 
    3192411957, 2185502072, 3417540059, 3218474038, 
    2054220142, 2978040251, 1991105235, 2700817717, 
    4166133147, 2086194139, 1593715627, 908289265, 
    3325806355, 2698046642, 94198304, 789645310, 
    3969320414, 1745386401, 2951966358, 3610359331, 
    3084887154, 1840753572, 118413839, 574118257, 
    811615525, 1597186704, 3096401663, 2652615516, 
    3226828519, 2934483458, 3589481104, 2471895979, 
    2886441825, 1241282554, 1964191771, 96304554, 
    0, 0, 0, 0, 
    0, 0, 0, 0, 
    0, 0, 0, 0, 
    0, 1040469373, 1121802382, 0, 


SAVE:
  PatternConfigData_256:
    3003398787, 2959514798, 1275055596, 831033836, 
    3349146621, 2101501589, 4106684748, 3334143362, 
    2904913003, 2899623133, 1336635844, 2494835844, 
    3192411957, 2185502072, 3417540059, 3218474038, 
    2054220140, 2978040251, 1991236307, 2700817717, 
    4166133147, 2086194139, 1593715627, 908289265, 
    3325806355, 2698046642, 94198304, 789645310, 
    3969336798, 1745386401, 2951966358, 3610359331, 
    3084887154, 1840753540, 118413839, 574118257, 
    811615525, 1597186704, 3096401663, 2652615516, 
    3226828775, 2934483458, 3589481104, 2471895979, 
    2886441825, 1241282552, 1964191771, 96239018, 
    0, 0, 0, 0, 
    0, 0, 0, 0, 
    0, 0, 0, 0, 
    0, 1040469373, 1121802382, 0, 

	Load PCD256 Data Count: -11 / 175327

LOAD:
  PatternConfigData_256:
    3004447363, 2960563374, 1275055524, 831033836, 
    3349146621, 2101501589, 4106684748, 3334143362, 
    2904913003, 2899623133, 1336635844, 2629053572, 
    3192411957, 2185502072, 3417540059, 3218474038, 
    2054220142, 2978040251, 1991105235, 2700817717, 
    4166133147, 2086194139, 1593715627, 908289265, 
    3325806355, 2698046642, 94198304, 789645310, 
    3969320414, 1745386401, 2951966358, 3610359331, 
    3084887154, 1840753572, 118413839, 574118257, 
    811615525, 1597186704, 3096401663, 2652615516, 
    3226828519, 2934483458, 3589481104, 2471895979, 
    2886441825, 1241282554, 1964191771, 96304554, 
    0, 0, 0, 0, 
    0, 0, 0, 0, 
    0, 0, 0, 0, 
    0, 1040469373, 1121802382, 0, 


SAVE:
  PatternConfigData_256:
    3004447363, 2960563374, 1275055524, 831001068, 
    3349146621, 2101501589, 4106684748, 3334208898, 
    2904913003, 2899623133, 1336635844, 2629053572, 
    3192411957, 2185502072, 3418064347, 3201696822, 
    2054220142, 2978038203, 1454234323, 2700817717, 
    4166133139, 2085145563, 1593715627, 908289265, 
    3325806355, 2698046610, 98392608, 789645310, 
    3969320414, 1745386429, 2951966358, 3610359331, 
    3084887154, 1840688036, 252631567, 574118257, 
    811615525, 1328755344, 3096401663, 2384179996, 
    3226828519, 2934614530, 3589481104, 2471961515, 
    2886441825, 1241282554, 1964191771, 94207402, 
    0, 0, 0, 0, 
    0, 0, 0, 0, 
    0, 0, 0, 0, 
    0, 1040469373, 1121802382, 0, 

	Load PCD256 Data Count: -12 / 175328

LOAD:
  PatternConfigData_256:
    3004447363, 2960563374, 1275055524, 831033836, 
    3349146621, 2101501589, 4106684748, 3334143362, 
    2904913003, 2899623133, 1336635844, 2629053572, 
    3192411957, 2185502072, 3417540059, 3218474038, 
    2054220142, 2978040251, 1991105235, 2700817717, 
    4166133147, 2086194139, 1593715627, 908289265, 
    3325806355, 2698046642, 94198304, 789645310, 
    3969320414, 1745386401, 2951966358, 3610359331, 
    3084887154, 1840753572, 118413839, 574118257, 
    811615525, 1597186704, 3096401663, 2652615516, 
    3226828519, 2934483458, 3589481104, 2471895979, 
    2886441825, 1241282554, 1964191771, 96304554, 
    0, 0, 0, 0, 
    0, 0, 0, 0, 
    0, 0, 0, 0, 
    0, 1040469373, 1121802382, 0, 


SAVE:
  PatternConfigData_256:
    3004447363, 2960563374, 1241501092, 831033836, 
    3340758013, 2101501589, 4106682700, 3334143362, 
    2904913003, 2899623133, 1336635844, 2629053572, 
    3192543029, 2185502072, 3417540059, 3218474038, 
    2054220142, 2978040251, 1991105235, 2700817717, 
    4166133147, 2086194139, 1593781163, 908289265, 
    3325806355, 2698046898, 94198306, 789645054, 
    3969320414, 1745386401, 2951966358, 3610359331, 
    3084903538, 1840757668, 1192155663, 574118257, 
    811615525, 1597186704, 3096401663, 2652615516, 
    3226861543, 2934483458, 3723698832, 2471895979, 
    2886441825, 1241282554, 1964191771, 364740010, 
    0, 0, 0, 0, 
    0, 0, 0, 0, 
    0, 0, 0, 0, 
    0, 1040469373, 1121802382, 0, 

	Load PCD256 Data Count: -13 / 175329

LOAD:
  PatternConfigData_256:
    3004447363, 2960563374, 1275055524, 831033836, 
    3349146621, 2101501589, 4106684748, 3334143362, 
    2904913003, 2899623133, 1336635844, 2629053572, 
    3192411957, 2185502072, 3417540059, 3218474038, 
    2054220142, 2978040251, 1991105235, 2700817717, 
    4166133147, 2086194139, 1593715627, 908289265, 
    3325806355, 2698046642, 94198304, 789645310, 
    3969320414, 1745386401, 2951966358, 3610359331, 
    3084887154, 1840753572, 118413839, 574118257, 
    811615525, 1597186704, 3096401663, 2652615516, 
    3226828519, 2934483458, 3589481104, 2471895979, 
    2886441825, 1241282554, 1964191771, 96304554, 
    0, 0, 0, 0, 
    0, 0, 0, 0, 
    0, 0, 0, 0, 
    0, 1040469373, 1121802382, 0, 


SAVE:
  PatternConfigData_256:
    3004447363, 2960563374, 1275055524, 831033836, 
    3349146589, 2101501589, 4106684748, 3334143362, 
    2904847465, 2899623133, 1336635844, 2629053572, 
    3058194229, 2185502072, 3418064347, 3218998326, 
    2054220142, 2961263035, 1991105235, 2700817717, 
    4166133147, 2086194139, 1593715627, 908281073, 
    3325806355, 2698046642, 94198304, 789645310, 
    3969320414, 1745386401, 2951949958, 3610359331, 
    3084887154, 1840753572, 118413839, 574118257, 
    812139813, 1597186704, 3096401151, 2652615516, 
    3226828519, 2867374594, 3588432528, 2467701675, 
    2886441825, 1240758266, 1964191771, 96304554, 
    0, 0, 0, 0, 
    0, 0, 0, 0, 
    0, 0, 0, 0, 
    0, 1040469373, 1121802382, 0, 

	info:	    Full Loop Time ........................... [329087 ns, 3038 FPS]
	Load PCD256 Data Count: -14 / 175330

LOAD:
  PatternConfigData_256:
    3004447363, 2960563374, 1275055524, 831033836, 
    3349146621, 2101501589, 4106684748, 3334143362, 
    2904913003, 2899623133, 1336635844, 2629053572, 
    3192411957, 2185502072, 3417540059, 3218474038, 
    2054220142, 2978040251, 1991105235, 2700817717, 
    4166133147, 2086194139, 1593715627, 908289265, 
    3325806355, 2698046642, 94198304, 789645310, 
    3969320414, 1745386401, 2951966358, 3610359331, 
    3084887154, 1840753572, 118413839, 574118257, 
    811615525, 1597186704, 3096401663, 2652615516, 
    3226828519, 2934483458, 3589481104, 2471895979, 
    2886441825, 1241282554, 1964191771, 96304554, 
    0, 0, 0, 0, 
    0, 0, 0, 0, 
    0, 0, 0, 0, 
    0, 1040469373, 1121802382, 0, 


SAVE:
  PatternConfigData_256:
    3004447363, 2960563374, 1275055524, 831033836, 
    3349146621, 2101501589, 4123461966, 3334143362, 
    2904913003, 2899619037, 1336635844, 2629053572, 
    3192411957, 2185502072, 3417540059, 3218474038, 
    2054220142, 2978040249, 1991105235, 2700817717, 
    3897697691, 1951976411, 1593715627, 908281073, 
    3325806483, 2698046642, 94198304, 789645310, 
    3969320414, 1745386401, 2951966358, 3610621475, 
    3084887154, 1840688036, 117627407, 574118257, 
    1885361445, 1597186704, 3096401663, 2652615516, 
    3226828519, 2934483458, 3723698832, 2471895979, 
    2886441825, 1241282554, 1964191771, 2243788202, 
    0, 0, 0, 0, 
    0, 0, 0, 0, 
    0, 0, 0, 0, 
    0, 1040469373, 1121802382, 0, 

	info:	    Full Loop Time ........................... [312470 ns, 3200 FPS]
	info:	    Full Loop Time ........................... [314107 ns, 3183 FPS]
	info:	    Full Loop Time ........................... [382877 ns, 2611 FPS]
	info:	    Full Loop Time ........................... [319031 ns, 3134 FPS]
	info:	    Full Loop Time ........................... [316994 ns, 3154 FPS]
	info:	    Full Loop Time ........................... [316669 ns, 3157 FPS]
	info:	    Full Loop Time ........................... [315228 ns, 3172 FPS]
________________________________________________________________________________
 STAGE:	EXIT APPLICATION
________________________________________________________________________________
 STAGE:	CLOSED
  void: 	glfwDestroyWindow
  void: 	return

  END   ./app/RunVulkanAutomataGLFW


Script done on 2022-02-11 07:31:04-03:00 [COMMAND_EXIT_CODE="0"]
